Log file open, 11/27/20 17:03:44
LogWindows: Failed to load 'aqProf.dll' (GetLastError=126)
LogWindows: File 'aqProf.dll' does not exist
LogWindows: Failed to load 'VtuneApi.dll' (GetLastError=126)
LogWindows: File 'VtuneApi.dll' does not exist
LogWindows: Failed to load 'VtuneApi32e.dll' (GetLastError=126)
LogWindows: File 'VtuneApi32e.dll' does not exist
LogConsoleResponse: Display: Failed to find resolution value strings in scalability ini. Falling back to default.
LogInit: Display: Running engine for game: GameDevelopment
LogPakFile: Registered encryption key '00000000000000000000000000000000': 0 pak files mounted, 0 remain pending
LogPlatformFile: Not using cached read wrapper
LogTaskGraph: Started task graph with 5 named threads and 14 total threads with 3 sets of task threads.
LogStats: Stats thread started at 0.332538
LogD3D11RHI: Loaded GFSDK_Aftermath_Lib.x64.dll
LogICUInternationalization: ICU TimeZone Detection - Raw Offset: +0:00, Platform Override: ''
LogPluginManager: Mounting plugin Paper2D
LogPluginManager: Mounting plugin AISupport
LogPluginManager: Mounting plugin LightPropagationVolume
LogPluginManager: Mounting plugin ActorLayerUtilities
LogPluginManager: Mounting plugin CLionSourceCodeAccess
LogPluginManager: Mounting plugin CodeLiteSourceCodeAccess
LogPluginManager: Mounting plugin GitSourceControl
LogPluginManager: Mounting plugin KDevelopSourceCodeAccess
LogPluginManager: Mounting plugin NullSourceCodeAccess
LogPluginManager: Mounting plugin PerforceSourceControl
LogPluginManager: Mounting plugin SubversionSourceControl
LogPluginManager: Mounting plugin UObjectPlugin
LogPluginManager: Mounting plugin VisualStudioCodeSourceCodeAccess
LogPluginManager: Mounting plugin VisualStudioSourceCodeAccess
LogPluginManager: Mounting plugin XCodeSourceCodeAccess
LogPluginManager: Mounting plugin AssetManagerEditor
LogPluginManager: Mounting plugin CryptoKeys
LogPluginManager: Mounting plugin DataValidation
LogPluginManager: Mounting plugin FacialAnimation
LogPluginManager: Mounting plugin GameplayTagsEditor
LogPluginManager: Mounting plugin MacGraphicsSwitching
LogPluginManager: Mounting plugin MeshEditor
LogPluginManager: Mounting plugin MobileLauncherProfileWizard
LogPluginManager: Mounting plugin PluginBrowser
LogPluginManager: Mounting plugin SpeedTreeImporter
LogPluginManager: Mounting plugin DatasmithContent
LogPluginManager: Mounting plugin VariantManagerContent
LogPluginManager: Mounting plugin AlembicImporter
LogPluginManager: Mounting plugin AppleImageUtils
LogPluginManager: Mounting plugin AppleVision
LogPluginManager: Mounting plugin BackChannel
LogPluginManager: Mounting plugin CharacterAI
LogPluginManager: Mounting plugin GeometryCache
LogPluginManager: Mounting plugin HTML5Networking
LogPluginManager: Mounting plugin ProxyLODPlugin
LogPluginManager: Mounting plugin MagicLeap
LogPluginManager: Mounting plugin MagicLeapMedia
LogPluginManager: Mounting plugin AndroidMedia
LogPluginManager: Mounting plugin AvfMedia
LogPluginManager: Mounting plugin ImgMedia
LogPluginManager: Mounting plugin LinearTimecode
LogPluginManager: Mounting plugin MediaCompositing
LogPluginManager: Mounting plugin MediaPlayerEditor
LogPluginManager: Mounting plugin WebMMedia
LogPluginManager: Mounting plugin WmfMedia
LogPluginManager: Mounting plugin TcpMessaging
LogPluginManager: Mounting plugin UdpMessaging
LogPluginManager: Mounting plugin ActorSequence
LogPluginManager: Mounting plugin LevelSequenceEditor
LogPluginManager: Mounting plugin MatineeToLevelSequence
LogPluginManager: Mounting plugin NetcodeUnitTest
LogPluginManager: Mounting plugin NUTUnrealEngine4
LogPluginManager: Mounting plugin OnlineSubsystemGooglePlay
LogPluginManager: Mounting plugin OnlineSubsystemIOS
LogPluginManager: Mounting plugin OnlineSubsystem
LogPluginManager: Mounting plugin OnlineSubsystemNull
LogPluginManager: Mounting plugin OnlineSubsystemUtils
LogPluginManager: Mounting plugin LauncherChunkInstaller
LogPluginManager: Mounting plugin AndroidDeviceProfileSelector
LogPluginManager: Mounting plugin AndroidMoviePlayer
LogPluginManager: Mounting plugin AndroidPermission
LogPluginManager: Mounting plugin AppleMoviePlayer
LogPluginManager: Mounting plugin ArchVisCharacter
LogPluginManager: Mounting plugin AudioCapture
LogPluginManager: Mounting plugin CableComponent
LogPluginManager: Mounting plugin CustomMeshComponent
LogPluginManager: Mounting plugin EditableMesh
LogPluginManager: Mounting plugin ExampleDeviceProfileSelector
LogPluginManager: Mounting plugin Firebase
LogPluginManager: Mounting plugin GoogleCloudMessaging
LogPluginManager: Mounting plugin IOSDeviceProfileSelector
LogPluginManager: Mounting plugin LinuxDeviceProfileSelector
LogPluginManager: Mounting plugin LocationServicesBPLibrary
LogPluginManager: Mounting plugin MobilePatchingUtils
LogPluginManager: Mounting plugin OculusVR
LogPluginManager: Mounting plugin PhysXVehicles
LogPluginManager: Mounting plugin ProceduralMeshComponent
LogPluginManager: Mounting plugin RuntimePhysXCooking
LogPluginManager: Mounting plugin SteamVR
LogPluginManager: Mounting plugin WebMMoviePlayer
LogPluginManager: Mounting plugin WindowsMoviePlayer
LogPluginManager: Mounting plugin UnrealEnginePython
LogStreaming: Display: Took  0.384s to configure plugins.
LogInit: Using libcurl 7.55.1-DEV
LogInit:  - built for x86_64-pc-win32
LogInit:  - supports SSL with OpenSSL/1.0.2h
LogInit:  - supports HTTP deflate (compression) using libz 1.2.8
LogInit:  - other features:
LogInit:      CURL_VERSION_SSL
LogInit:      CURL_VERSION_LIBZ
LogInit:      CURL_VERSION_IPV6
LogInit:      CURL_VERSION_ASYNCHDNS
LogInit:      CURL_VERSION_LARGEFILE
LogInit:      CURL_VERSION_IDN
LogInit:  CurlRequestOptions (configurable via config and command line):
LogInit:  - bVerifyPeer = true  - Libcurl will verify peer certificate
LogInit:  - bUseHttpProxy = false  - Libcurl will NOT use HTTP proxy
LogInit:  - bDontReuseConnections = false  - Libcurl will reuse connections
LogInit:  - MaxHostConnections = 16  - Libcurl will limit the number of connections to a host
LogInit:  - LocalHostAddr = Default
LogInit:  - BufferSize = 65536
LogInit: WinSock: version 1.1 (2.2), MaxSocks=32767, MaxUdp=65467
LogInit: Build: ++UE4+Release-4.21-CL-4753647
LogInit: Engine Version: 4.21.2-4753647+++UE4+Release-4.21
LogInit: Compatible Engine Version: 4.21.0-4541578+++UE4+Release-4.21
LogInit: Net CL: 4541578
LogInit: OS: Windows 10 (), CPU: Intel(R) Core(TM) i5-6600K CPU @ 3.50GHz, GPU: NVIDIA GeForce GTX 1060 6GB
LogInit: Compiled (64-bit): Jan 19 2019 02:07:31
LogInit: Compiled with Visual C++: 19.13.26129.00
LogInit: Build Configuration: Development
LogInit: Branch Name: ++UE4+Release-4.21
LogInit: Command Line: 
LogInit: Base Directory: B:/UE4/UE_4.21/Engine/Binaries/Win64/
LogInit: Installed Engine Build: 1
LogDevObjectVersion: Number of dev versions registered: 22
LogDevObjectVersion:   Dev-Blueprints (B0D832E4-1F89-4F0D-ACCF-7EB736FD4AA2): 10
LogDevObjectVersion:   Dev-Build (E1C64328-A22C-4D53-A36C-8E866417BD8C): 0
LogDevObjectVersion:   Dev-Core (375EC13C-06E4-48FB-B500-84F0262A717E): 2
LogDevObjectVersion:   Dev-Editor (E4B068ED-F494-42E9-A231-DA0B2E46BB41): 26
LogDevObjectVersion:   Dev-Framework (CFFC743F-43B0-4480-9391-14DF171D2073): 34
LogDevObjectVersion:   Dev-Mobile (B02B49B5-BB20-44E9-A304-32B752E40360): 2
LogDevObjectVersion:   Dev-Networking (A4E4105C-59A1-49B5-A7C5-40C4547EDFEE): 0
LogDevObjectVersion:   Dev-Online (39C831C9-5AE6-47DC-9A44-9C173E1C8E7C): 0
LogDevObjectVersion:   Dev-Physics (78F01B33-EBEA-4F98-B9B4-84EACCB95AA2): 0
LogDevObjectVersion:   Dev-Platform (6631380F-2D4D-43E0-8009-CF276956A95A): 0
LogDevObjectVersion:   Dev-Rendering (12F88B9F-8875-4AFC-A67C-D90C383ABD29): 27
LogDevObjectVersion:   Dev-Sequencer (7B5AE74C-D270-4C10-A958-57980B212A5A): 9
LogDevObjectVersion:   Dev-VR (D7296918-1DD6-4BDD-9DE2-64A83CC13884): 2
LogDevObjectVersion:   Dev-LoadTimes (C2A15278-BFE7-4AFE-6C17-90FF531DF755): 1
LogDevObjectVersion:   Private-Geometry (6EACA3D4-40EC-4CC1-B786-8BED09428FC5): 3
LogDevObjectVersion:   Dev-AnimPhys (29E575DD-E0A3-4627-9D10-D276232CDCEA): 17
LogDevObjectVersion:   Dev-Anim (AF43A65D-7FD3-4947-9873-3E8ED9C1BB05): 2
LogDevObjectVersion:   Dev-ReflectionCapture (6B266CEC-1EC7-4B8F-A30B-E4D90942FC07): 1
LogDevObjectVersion:   Dev-Automation (0DF73D61-A23F-47EA-B727-89E90C41499A): 1
LogDevObjectVersion:   FortniteMain (601D1886-AC64-4F84-AA16-D3DE0DEAC7D6): 17
LogDevObjectVersion:   Dev-Enterprise (9DFFBCD6-494F-0158-E221-12823C92A888): 4
LogDevObjectVersion:   Dev-Niagara (F2AED0AC-9AFE-416F-8664-AA7FFA26D6FC): 1
LogStreaming: Display: Took  0.017s to delete old logs.
LogInit: Presizing for max 8388607 objects, including 0 objects not considered by GC, pre-allocating 0 bytes for permanent pool.
LogInit: Object subsystem initialized
LogConfig: Setting CVar [[con.DebugEarlyDefault:1]]
LogConfig: Setting CVar [[r.setres:1280x720]]
[2020.11.27-17.03.47:771][  0]LogConfig: Setting CVar [[r.VSync:0]]
[2020.11.27-17.03.47:771][  0]LogConfig: Setting CVar [[r.RHICmdBypass:0]]
[2020.11.27-17.03.47:771][  0]LogConfig: Applying CVar settings from Section [/Script/Engine.RendererSettings] File [B:/Game Dev/Team1Dev/ProjectFiles/GameDevelopment/Saved/Config/Windows/Engine.ini]
[2020.11.27-17.03.47:771][  0]LogConfig: Setting CVar [[r.GPUCrashDebugging:0]]
[2020.11.27-17.03.47:771][  0]LogConfig: Applying CVar settings from Section [/Script/Engine.RendererOverrideSettings] File [B:/Game Dev/Team1Dev/ProjectFiles/GameDevelopment/Saved/Config/Windows/Engine.ini]
[2020.11.27-17.03.47:771][  0]LogConfig: Applying CVar settings from Section [/Script/Engine.StreamingSettings] File [B:/Game Dev/Team1Dev/ProjectFiles/GameDevelopment/Saved/Config/Windows/Engine.ini]
[2020.11.27-17.03.47:771][  0]LogConfig: Setting CVar [[s.MinBulkDataSizeForAsyncLoading:131072]]
[2020.11.27-17.03.47:771][  0]LogConfig: Setting CVar [[s.AsyncLoadingThreadEnabled:0]]
[2020.11.27-17.03.47:771][  0]LogConfig: Setting CVar [[s.EventDrivenLoaderEnabled:1]]
[2020.11.27-17.03.47:771][  0]LogConfig: Setting CVar [[s.WarnIfTimeLimitExceeded:0]]
[2020.11.27-17.03.47:771][  0]LogConfig: Setting CVar [[s.TimeLimitExceededMultiplier:1.5]]
[2020.11.27-17.03.47:771][  0]LogConfig: Setting CVar [[s.TimeLimitExceededMinTime:0.005]]
[2020.11.27-17.03.47:771][  0]LogConfig: Setting CVar [[s.UseBackgroundLevelStreaming:1]]
[2020.11.27-17.03.47:771][  0]LogConfig: Setting CVar [[s.PriorityAsyncLoadingExtraTime:15.0]]
[2020.11.27-17.03.47:771][  0]LogConfig: Setting CVar [[s.LevelStreamingActorsUpdateTimeLimit:5.0]]
[2020.11.27-17.03.47:771][  0]LogConfig: Setting CVar [[s.PriorityLevelStreamingActorsUpdateExtraTime:5.0]]
[2020.11.27-17.03.47:771][  0]LogConfig: Setting CVar [[s.LevelStreamingComponentsRegistrationGranularity:10]]
[2020.11.27-17.03.47:771][  0]LogConfig: Setting CVar [[s.UnregisterComponentsTimeLimit:1.0]]
[2020.11.27-17.03.47:771][  0]LogConfig: Setting CVar [[s.LevelStreamingComponentsUnregistrationGranularity:5]]
[2020.11.27-17.03.47:771][  0]LogConfig: Applying CVar settings from Section [/Script/Engine.GarbageCollectionSettings] File [B:/Game Dev/Team1Dev/ProjectFiles/GameDevelopment/Saved/Config/Windows/Engine.ini]
[2020.11.27-17.03.47:771][  0]LogConfig: Setting CVar [[gc.MaxObjectsNotConsideredByGC:1]]
[2020.11.27-17.03.47:771][  0]LogConfig: Setting CVar [[gc.SizeOfPermanentObjectPool:0]]
[2020.11.27-17.03.47:771][  0]LogConfig: Setting CVar [[gc.FlushStreamingOnGC:0]]
[2020.11.27-17.03.47:771][  0]LogConfig: Setting CVar [[gc.NumRetriesBeforeForcingGC:10]]
[2020.11.27-17.03.47:771][  0]LogConfig: Setting CVar [[gc.AllowParallelGC:1]]
[2020.11.27-17.03.47:771][  0]LogConfig: Setting CVar [[gc.TimeBetweenPurgingPendingKillObjects:61.1]]
[2020.11.27-17.03.47:771][  0]LogConfig: Setting CVar [[gc.MaxObjectsInEditor:8388607]]
[2020.11.27-17.03.47:771][  0]LogConfig: Setting CVar [[gc.IncrementalBeginDestroyEnabled:1]]
[2020.11.27-17.03.47:771][  0]LogConfig: Setting CVar [[gc.CreateGCClusters:1]]
[2020.11.27-17.03.47:771][  0]LogConfig: Setting CVar [[gc.MergeGCClusters:0]]
[2020.11.27-17.03.47:771][  0]LogConfig: Setting CVar [[gc.MinGCClusterSize:5]]
[2020.11.27-17.03.47:771][  0]LogConfig: Setting CVar [[gc.ActorClusteringEnabled:0]]
[2020.11.27-17.03.47:771][  0]LogConfig: Setting CVar [[gc.BlueprintClusteringEnabled:0]]
[2020.11.27-17.03.47:771][  0]LogConfig: Setting CVar [[gc.UseDisregardForGCOnDedicatedServers:0]]
[2020.11.27-17.03.47:771][  0]LogConfig: Applying CVar settings from Section [/Script/Engine.NetworkSettings] File [B:/Game Dev/Team1Dev/ProjectFiles/GameDevelopment/Saved/Config/Windows/Engine.ini]
[2020.11.27-17.03.47:771][  0]LogConfig: Applying CVar settings from Section [/Script/UnrealEd.CookerSettings] File [B:/Game Dev/Team1Dev/ProjectFiles/GameDevelopment/Saved/Config/Windows/Engine.ini]
[2020.11.27-17.03.47:865][  0]LogConfig: Applying CVar settings from Section [ViewDistanceQuality@3] File [B:/Game Dev/Team1Dev/ProjectFiles/GameDevelopment/Saved/Config/Windows/Scalability.ini]
[2020.11.27-17.03.47:865][  0]LogConfig: Setting CVar [[r.SkeletalMeshLODBias:0]]
[2020.11.27-17.03.47:865][  0]LogConfig: Setting CVar [[r.ViewDistanceScale:1.0]]
[2020.11.27-17.03.47:865][  0]LogConfig: Applying CVar settings from Section [AntiAliasingQuality@3] File [B:/Game Dev/Team1Dev/ProjectFiles/GameDevelopment/Saved/Config/Windows/Scalability.ini]
[2020.11.27-17.03.47:865][  0]LogConfig: Setting CVar [[r.PostProcessAAQuality:4]]
[2020.11.27-17.03.47:865][  0]LogConfig: Applying CVar settings from Section [ShadowQuality@3] File [B:/Game Dev/Team1Dev/ProjectFiles/GameDevelopment/Saved/Config/Windows/Scalability.ini]
[2020.11.27-17.03.47:865][  0]LogConfig: Setting CVar [[r.LightFunctionQuality:1]]
[2020.11.27-17.03.47:865][  0]LogConfig: Setting CVar [[r.ShadowQuality:5]]
[2020.11.27-17.03.47:865][  0]LogConfig: Setting CVar [[r.Shadow.CSM.MaxCascades:10]]
[2020.11.27-17.03.47:865][  0]LogConfig: Setting CVar [[r.Shadow.MaxResolution:2048]]
[2020.11.27-17.03.47:865][  0]LogConfig: Setting CVar [[r.Shadow.MaxCSMResolution:2048]]
[2020.11.27-17.03.47:865][  0]LogConfig: Setting CVar [[r.Shadow.RadiusThreshold:0.01]]
[2020.11.27-17.03.47:865][  0]LogConfig: Setting CVar [[r.Shadow.DistanceScale:1.0]]
[2020.11.27-17.03.47:865][  0]LogConfig: Setting CVar [[r.Shadow.CSM.TransitionScale:1.0]]
[2020.11.27-17.03.47:865][  0]LogConfig: Setting CVar [[r.Shadow.PreShadowResolutionFactor:1.0]]
[2020.11.27-17.03.47:865][  0]LogConfig: Setting CVar [[r.DistanceFieldShadowing:1]]
[2020.11.27-17.03.47:865][  0]LogConfig: Setting CVar [[r.DistanceFieldAO:1]]
[2020.11.27-17.03.47:865][  0]LogConfig: Setting CVar [[r.AOQuality:2]]
[2020.11.27-17.03.47:865][  0]LogConfig: Setting CVar [[r.VolumetricFog:1]]
[2020.11.27-17.03.47:865][  0]LogConfig: Setting CVar [[r.VolumetricFog.GridPixelSize:8]]
[2020.11.27-17.03.47:865][  0]LogConfig: Setting CVar [[r.VolumetricFog.GridSizeZ:128]]
[2020.11.27-17.03.47:865][  0]LogConfig: Setting CVar [[r.VolumetricFog.HistoryMissSupersampleCount:4]]
[2020.11.27-17.03.47:865][  0]LogConfig: Setting CVar [[r.LightMaxDrawDistanceScale:1]]
[2020.11.27-17.03.47:865][  0]LogConfig: Setting CVar [[r.CapsuleShadows:1]]
[2020.11.27-17.03.47:865][  0]LogConfig: Applying CVar settings from Section [PostProcessQuality@3] File [B:/Game Dev/Team1Dev/ProjectFiles/GameDevelopment/Saved/Config/Windows/Scalability.ini]
[2020.11.27-17.03.47:865][  0]LogConfig: Setting CVar [[r.MotionBlurQuality:4]]
[2020.11.27-17.03.47:865][  0]LogConfig: Setting CVar [[r.AmbientOcclusionMipLevelFactor:0.4]]
[2020.11.27-17.03.47:865][  0]LogConfig: Setting CVar [[r.AmbientOcclusionMaxQuality:100]]
[2020.11.27-17.03.47:865][  0]LogConfig: Setting CVar [[r.AmbientOcclusionLevels:-1]]
[2020.11.27-17.03.47:865][  0]LogConfig: Setting CVar [[r.AmbientOcclusionRadiusScale:1.0]]
[2020.11.27-17.03.47:865][  0]LogConfig: Setting CVar [[r.DepthOfFieldQuality:2]]
[2020.11.27-17.03.47:865][  0]LogConfig: Setting CVar [[r.RenderTargetPoolMin:400]]
[2020.11.27-17.03.47:865][  0]LogConfig: Setting CVar [[r.LensFlareQuality:2]]
[2020.11.27-17.03.47:865][  0]LogConfig: Setting CVar [[r.SceneColorFringeQuality:1]]
[2020.11.27-17.03.47:865][  0]LogConfig: Setting CVar [[r.EyeAdaptationQuality:2]]
[2020.11.27-17.03.47:865][  0]LogConfig: Setting CVar [[r.BloomQuality:5]]
[2020.11.27-17.03.47:865][  0]LogConfig: Setting CVar [[r.FastBlurThreshold:100]]
[2020.11.27-17.03.47:866][  0]LogConfig: Setting CVar [[r.Upscale.Quality:3]]
[2020.11.27-17.03.47:866][  0]LogConfig: Setting CVar [[r.Tonemapper.GrainQuantization:1]]
[2020.11.27-17.03.47:866][  0]LogConfig: Setting CVar [[r.LightShaftQuality:1]]
[2020.11.27-17.03.47:866][  0]LogConfig: Setting CVar [[r.Filter.SizeScale:1]]
[2020.11.27-17.03.47:866][  0]LogConfig: Setting CVar [[r.Tonemapper.Quality:5]]
[2020.11.27-17.03.47:866][  0]LogConfig: Setting CVar [[r.DOF.Gather.AccumulatorQuality:1        ; higher gathering accumulator quality]]
[2020.11.27-17.03.47:866][  0]LogConfig: Setting CVar [[r.DOF.Gather.PostfilterMethod:1          ; Median3x3 postfilering method]]
[2020.11.27-17.03.47:866][  0]LogConfig: Setting CVar [[r.DOF.Gather.EnableBokehSettings:0       ; no bokeh simulation when gathering]]
[2020.11.27-17.03.47:866][  0]LogConfig: Setting CVar [[r.DOF.Gather.RingCount:4                 ; medium number of samples when gathering]]
[2020.11.27-17.03.47:866][  0]LogConfig: Setting CVar [[r.DOF.Scatter.ForegroundCompositing:1    ; additive foreground scattering]]
[2020.11.27-17.03.47:866][  0]LogConfig: Setting CVar [[r.DOF.Scatter.BackgroundCompositing:2    ; additive background scattering]]
[2020.11.27-17.03.47:866][  0]LogConfig: Setting CVar [[r.DOF.Scatter.EnableBokehSettings:1      ; bokeh simulation when scattering]]
[2020.11.27-17.03.47:866][  0]LogConfig: Setting CVar [[r.DOF.Scatter.MaxSpriteRatio:0.1         ; only a maximum of 10% of scattered bokeh]]
[2020.11.27-17.03.47:866][  0]LogConfig: Setting CVar [[r.DOF.Recombine.Quality:1                ; cheap slight out of focus]]
[2020.11.27-17.03.47:866][  0]LogConfig: Setting CVar [[r.DOF.Recombine.EnableBokehSettings:0    ; no bokeh simulation on slight out of focus]]
[2020.11.27-17.03.47:866][  0]LogConfig: Setting CVar [[r.DOF.TemporalAAQuality:1                ; more stable temporal accumulation]]
[2020.11.27-17.03.47:866][  0]LogConfig: Setting CVar [[r.DOF.Kernel.MaxForegroundRadius:0.025]]
[2020.11.27-17.03.47:866][  0]LogConfig: Setting CVar [[r.DOF.Kernel.MaxBackgroundRadius:0.025]]
[2020.11.27-17.03.47:866][  0]LogConfig: Applying CVar settings from Section [TextureQuality@3] File [B:/Game Dev/Team1Dev/ProjectFiles/GameDevelopment/Saved/Config/Windows/Scalability.ini]
[2020.11.27-17.03.47:866][  0]LogConfig: Setting CVar [[r.Streaming.MipBias:0]]
[2020.11.27-17.03.47:866][  0]LogConfig: Setting CVar [[r.Streaming.AmortizeCPUToGPUCopy:0]]
[2020.11.27-17.03.47:866][  0]LogConfig: Setting CVar [[r.Streaming.MaxNumTexturesToStreamPerFrame:0]]
[2020.11.27-17.03.47:866][  0]LogConfig: Setting CVar [[r.Streaming.Boost:1]]
[2020.11.27-17.03.47:866][  0]LogConfig: Setting CVar [[r.MaxAnisotropy:8]]
[2020.11.27-17.03.47:866][  0]LogConfig: Setting CVar [[r.Streaming.LimitPoolSizeToVRAM:0]]
[2020.11.27-17.03.47:866][  0]LogConfig: Setting CVar [[r.Streaming.PoolSize:1000]]
[2020.11.27-17.03.47:866][  0]LogConfig: Setting CVar [[r.Streaming.MaxEffectiveScreenSize:0]]
[2020.11.27-17.03.47:866][  0]LogConfig: Applying CVar settings from Section [EffectsQuality@3] File [B:/Game Dev/Team1Dev/ProjectFiles/GameDevelopment/Saved/Config/Windows/Scalability.ini]
[2020.11.27-17.03.47:866][  0]LogConfig: Setting CVar [[r.TranslucencyLightingVolumeDim:64]]
[2020.11.27-17.03.47:866][  0]LogConfig: Setting CVar [[r.RefractionQuality:2]]
[2020.11.27-17.03.47:866][  0]LogConfig: Setting CVar [[r.SSR.Quality:3]]
[2020.11.27-17.03.47:866][  0]LogConfig: Setting CVar [[r.SceneColorFormat:4]]
[2020.11.27-17.03.47:866][  0]LogConfig: Setting CVar [[r.DetailMode:2]]
[2020.11.27-17.03.47:866][  0]LogConfig: Setting CVar [[r.TranslucencyVolumeBlur:1]]
[2020.11.27-17.03.47:866][  0]LogConfig: Setting CVar [[r.MaterialQualityLevel:1 ; High quality]]
[2020.11.27-17.03.47:866][  0]LogConfig: Setting CVar [[r.SSS.Scale:1]]
[2020.11.27-17.03.47:866][  0]LogConfig: Setting CVar [[r.SSS.SampleSet:2]]
[2020.11.27-17.03.47:866][  0]LogConfig: Setting CVar [[r.SSS.Quality:1]]
[2020.11.27-17.03.47:866][  0]LogConfig: Setting CVar [[r.SSS.HalfRes:1]]
[2020.11.27-17.03.47:866][  0]LogConfig: Setting CVar [[r.EmitterSpawnRateScale:1.0]]
[2020.11.27-17.03.47:866][  0]LogConfig: Setting CVar [[r.ParticleLightQuality:2]]
[2020.11.27-17.03.47:866][  0]LogConfig: Applying CVar settings from Section [FoliageQuality@3] File [B:/Game Dev/Team1Dev/ProjectFiles/GameDevelopment/Saved/Config/Windows/Scalability.ini]
[2020.11.27-17.03.47:866][  0]LogConfig: Setting CVar [[foliage.DensityScale:1.0]]
[2020.11.27-17.03.47:866][  0]LogConfig: Setting CVar [[grass.DensityScale:1.0]]
[2020.11.27-17.03.47:869][  0]LogInit: Selected Device Profile: [Windows]
[2020.11.27-17.03.47:870][  0]LogInit: Applying CVar settings loaded from the selected device profile: [Windows]
[2020.11.27-17.03.47:947][  0]LogHAL: Display: Platform has ~ 16 GB [17115701248 / 17179869184 / 16], which maps to Larger [LargestMinGB=32, LargerMinGB=12, DefaultMinGB=8, SmallerMinGB=6, SmallestMinGB=0)
[2020.11.27-17.03.47:971][  0]LogConfig: Setting CVar [[r.Vulkan.UseRealUBs:1]]
[2020.11.27-17.03.47:971][  0]LogInit: Going up to parent DeviceProfile []
[2020.11.27-17.03.47:971][  0]LogConfig: Applying CVar settings from Section [ViewDistanceQuality@3] File [B:/Game Dev/Team1Dev/ProjectFiles/GameDevelopment/Saved/Config/Windows/Scalability.ini]
[2020.11.27-17.03.47:971][  0]LogConfig: Setting CVar [[r.SkeletalMeshLODBias:0]]
[2020.11.27-17.03.47:971][  0]LogConfig: Setting CVar [[r.ViewDistanceScale:1.0]]
[2020.11.27-17.03.47:971][  0]LogConfig: Applying CVar settings from Section [AntiAliasingQuality@3] File [B:/Game Dev/Team1Dev/ProjectFiles/GameDevelopment/Saved/Config/Windows/Scalability.ini]
[2020.11.27-17.03.47:971][  0]LogConfig: Setting CVar [[r.PostProcessAAQuality:4]]
[2020.11.27-17.03.47:971][  0]LogConfig: Applying CVar settings from Section [ShadowQuality@3] File [B:/Game Dev/Team1Dev/ProjectFiles/GameDevelopment/Saved/Config/Windows/Scalability.ini]
[2020.11.27-17.03.47:971][  0]LogConfig: Setting CVar [[r.LightFunctionQuality:1]]
[2020.11.27-17.03.47:971][  0]LogConfig: Setting CVar [[r.ShadowQuality:5]]
[2020.11.27-17.03.47:971][  0]LogConfig: Setting CVar [[r.Shadow.CSM.MaxCascades:10]]
[2020.11.27-17.03.47:971][  0]LogConfig: Setting CVar [[r.Shadow.MaxResolution:2048]]
[2020.11.27-17.03.47:971][  0]LogConfig: Setting CVar [[r.Shadow.MaxCSMResolution:2048]]
[2020.11.27-17.03.47:971][  0]LogConfig: Setting CVar [[r.Shadow.RadiusThreshold:0.01]]
[2020.11.27-17.03.47:971][  0]LogConfig: Setting CVar [[r.Shadow.DistanceScale:1.0]]
[2020.11.27-17.03.47:971][  0]LogConfig: Setting CVar [[r.Shadow.CSM.TransitionScale:1.0]]
[2020.11.27-17.03.47:971][  0]LogConfig: Setting CVar [[r.Shadow.PreShadowResolutionFactor:1.0]]
[2020.11.27-17.03.47:971][  0]LogConfig: Setting CVar [[r.DistanceFieldShadowing:1]]
[2020.11.27-17.03.47:971][  0]LogConfig: Setting CVar [[r.DistanceFieldAO:1]]
[2020.11.27-17.03.47:971][  0]LogConfig: Setting CVar [[r.AOQuality:2]]
[2020.11.27-17.03.47:971][  0]LogConfig: Setting CVar [[r.VolumetricFog:1]]
[2020.11.27-17.03.47:971][  0]LogConfig: Setting CVar [[r.VolumetricFog.GridPixelSize:8]]
[2020.11.27-17.03.47:971][  0]LogConfig: Setting CVar [[r.VolumetricFog.GridSizeZ:128]]
[2020.11.27-17.03.47:971][  0]LogConfig: Setting CVar [[r.VolumetricFog.HistoryMissSupersampleCount:4]]
[2020.11.27-17.03.47:971][  0]LogConfig: Setting CVar [[r.LightMaxDrawDistanceScale:1]]
[2020.11.27-17.03.47:971][  0]LogConfig: Setting CVar [[r.CapsuleShadows:1]]
[2020.11.27-17.03.47:971][  0]LogConfig: Applying CVar settings from Section [PostProcessQuality@3] File [B:/Game Dev/Team1Dev/ProjectFiles/GameDevelopment/Saved/Config/Windows/Scalability.ini]
[2020.11.27-17.03.47:971][  0]LogConfig: Setting CVar [[r.MotionBlurQuality:4]]
[2020.11.27-17.03.47:971][  0]LogConfig: Setting CVar [[r.AmbientOcclusionMipLevelFactor:0.4]]
[2020.11.27-17.03.47:971][  0]LogConfig: Setting CVar [[r.AmbientOcclusionMaxQuality:100]]
[2020.11.27-17.03.47:971][  0]LogConfig: Setting CVar [[r.AmbientOcclusionLevels:-1]]
[2020.11.27-17.03.47:971][  0]LogConfig: Setting CVar [[r.AmbientOcclusionRadiusScale:1.0]]
[2020.11.27-17.03.47:971][  0]LogConfig: Setting CVar [[r.DepthOfFieldQuality:2]]
[2020.11.27-17.03.47:971][  0]LogConfig: Setting CVar [[r.RenderTargetPoolMin:400]]
[2020.11.27-17.03.47:971][  0]LogConfig: Setting CVar [[r.LensFlareQuality:2]]
[2020.11.27-17.03.47:971][  0]LogConfig: Setting CVar [[r.SceneColorFringeQuality:1]]
[2020.11.27-17.03.47:971][  0]LogConfig: Setting CVar [[r.EyeAdaptationQuality:2]]
[2020.11.27-17.03.47:971][  0]LogConfig: Setting CVar [[r.BloomQuality:5]]
[2020.11.27-17.03.47:971][  0]LogConfig: Setting CVar [[r.FastBlurThreshold:100]]
[2020.11.27-17.03.47:971][  0]LogConfig: Setting CVar [[r.Upscale.Quality:3]]
[2020.11.27-17.03.47:971][  0]LogConfig: Setting CVar [[r.Tonemapper.GrainQuantization:1]]
[2020.11.27-17.03.47:971][  0]LogConfig: Setting CVar [[r.LightShaftQuality:1]]
[2020.11.27-17.03.47:971][  0]LogConfig: Setting CVar [[r.Filter.SizeScale:1]]
[2020.11.27-17.03.47:971][  0]LogConfig: Setting CVar [[r.Tonemapper.Quality:5]]
[2020.11.27-17.03.47:971][  0]LogConfig: Setting CVar [[r.DOF.Gather.AccumulatorQuality:1        ; higher gathering accumulator quality]]
[2020.11.27-17.03.47:971][  0]LogConfig: Setting CVar [[r.DOF.Gather.PostfilterMethod:1          ; Median3x3 postfilering method]]
[2020.11.27-17.03.47:971][  0]LogConfig: Setting CVar [[r.DOF.Gather.EnableBokehSettings:0       ; no bokeh simulation when gathering]]
[2020.11.27-17.03.47:971][  0]LogConfig: Setting CVar [[r.DOF.Gather.RingCount:4                 ; medium number of samples when gathering]]
[2020.11.27-17.03.47:971][  0]LogConfig: Setting CVar [[r.DOF.Scatter.ForegroundCompositing:1    ; additive foreground scattering]]
[2020.11.27-17.03.47:971][  0]LogConfig: Setting CVar [[r.DOF.Scatter.BackgroundCompositing:2    ; additive background scattering]]
[2020.11.27-17.03.47:971][  0]LogConfig: Setting CVar [[r.DOF.Scatter.EnableBokehSettings:1      ; bokeh simulation when scattering]]
[2020.11.27-17.03.47:971][  0]LogConfig: Setting CVar [[r.DOF.Scatter.MaxSpriteRatio:0.1         ; only a maximum of 10% of scattered bokeh]]
[2020.11.27-17.03.47:971][  0]LogConfig: Setting CVar [[r.DOF.Recombine.Quality:1                ; cheap slight out of focus]]
[2020.11.27-17.03.47:971][  0]LogConfig: Setting CVar [[r.DOF.Recombine.EnableBokehSettings:0    ; no bokeh simulation on slight out of focus]]
[2020.11.27-17.03.47:971][  0]LogConfig: Setting CVar [[r.DOF.TemporalAAQuality:1                ; more stable temporal accumulation]]
[2020.11.27-17.03.47:972][  0]LogConfig: Setting CVar [[r.DOF.Kernel.MaxForegroundRadius:0.025]]
[2020.11.27-17.03.47:972][  0]LogConfig: Setting CVar [[r.DOF.Kernel.MaxBackgroundRadius:0.025]]
[2020.11.27-17.03.47:972][  0]LogConfig: Applying CVar settings from Section [TextureQuality@3] File [B:/Game Dev/Team1Dev/ProjectFiles/GameDevelopment/Saved/Config/Windows/Scalability.ini]
[2020.11.27-17.03.47:972][  0]LogConfig: Setting CVar [[r.Streaming.MipBias:0]]
[2020.11.27-17.03.47:972][  0]LogConfig: Setting CVar [[r.Streaming.AmortizeCPUToGPUCopy:0]]
[2020.11.27-17.03.47:972][  0]LogConfig: Setting CVar [[r.Streaming.MaxNumTexturesToStreamPerFrame:0]]
[2020.11.27-17.03.47:972][  0]LogConfig: Setting CVar [[r.Streaming.Boost:1]]
[2020.11.27-17.03.47:972][  0]LogConfig: Setting CVar [[r.MaxAnisotropy:8]]
[2020.11.27-17.03.47:972][  0]LogConfig: Setting CVar [[r.Streaming.LimitPoolSizeToVRAM:0]]
[2020.11.27-17.03.47:972][  0]LogConfig: Setting CVar [[r.Streaming.PoolSize:1000]]
[2020.11.27-17.03.47:972][  0]LogConfig: Setting CVar [[r.Streaming.MaxEffectiveScreenSize:0]]
[2020.11.27-17.03.47:972][  0]LogConfig: Applying CVar settings from Section [EffectsQuality@3] File [B:/Game Dev/Team1Dev/ProjectFiles/GameDevelopment/Saved/Config/Windows/Scalability.ini]
[2020.11.27-17.03.47:972][  0]LogConfig: Setting CVar [[r.TranslucencyLightingVolumeDim:64]]
[2020.11.27-17.03.47:972][  0]LogConfig: Setting CVar [[r.RefractionQuality:2]]
[2020.11.27-17.03.47:972][  0]LogConfig: Setting CVar [[r.SSR.Quality:3]]
[2020.11.27-17.03.47:972][  0]LogConfig: Setting CVar [[r.SceneColorFormat:4]]
[2020.11.27-17.03.47:972][  0]LogConfig: Setting CVar [[r.DetailMode:2]]
[2020.11.27-17.03.47:972][  0]LogConfig: Setting CVar [[r.TranslucencyVolumeBlur:1]]
[2020.11.27-17.03.47:972][  0]LogConfig: Setting CVar [[r.MaterialQualityLevel:1 ; High quality]]
[2020.11.27-17.03.47:972][  0]LogConfig: Setting CVar [[r.SSS.Scale:1]]
[2020.11.27-17.03.47:972][  0]LogConfig: Setting CVar [[r.SSS.SampleSet:2]]
[2020.11.27-17.03.47:972][  0]LogConfig: Setting CVar [[r.SSS.Quality:1]]
[2020.11.27-17.03.47:972][  0]LogConfig: Setting CVar [[r.SSS.HalfRes:1]]
[2020.11.27-17.03.47:972][  0]LogConfig: Setting CVar [[r.EmitterSpawnRateScale:1.0]]
[2020.11.27-17.03.47:972][  0]LogConfig: Setting CVar [[r.ParticleLightQuality:2]]
[2020.11.27-17.03.47:972][  0]LogConfig: Applying CVar settings from Section [FoliageQuality@3] File [B:/Game Dev/Team1Dev/ProjectFiles/GameDevelopment/Saved/Config/Windows/Scalability.ini]
[2020.11.27-17.03.47:972][  0]LogConfig: Setting CVar [[foliage.DensityScale:1.0]]
[2020.11.27-17.03.47:972][  0]LogConfig: Setting CVar [[grass.DensityScale:1.0]]
[2020.11.27-17.03.47:972][  0]LogConfig: Applying CVar settings from Section [Startup] File [../../../Engine/Config/ConsoleVariables.ini]
[2020.11.27-17.03.47:986][  0]LogConfig: Setting CVar [[net.UseAdaptiveNetUpdateFrequency:0]]
[2020.11.27-17.03.47:986][  0]LogConfig: Applying CVar settings from Section [ConsoleVariables] File [B:/Game Dev/Team1Dev/ProjectFiles/GameDevelopment/Saved/Config/Windows/Engine.ini]
[2020.11.27-17.03.48:009][  0]LogInit: Computer: DESKTOP-VPH4N5O
[2020.11.27-17.03.48:009][  0]LogInit: User: Harry
[2020.11.27-17.03.48:009][  0]LogInit: CPU Page size=4096, Cores=4
[2020.11.27-17.03.48:009][  0]LogInit: High frequency timer resolution =10.000000 MHz
[2020.11.27-17.03.48:009][  0]LogMemory: Memory total: Physical=15.9GB (16GB approx)
[2020.11.27-17.03.48:009][  0]LogMemory: Platform Memory Stats for Windows
[2020.11.27-17.03.48:009][  0]LogMemory: Process Physical Memory: 103.25 MB used, 103.25 MB peak
[2020.11.27-17.03.48:009][  0]LogMemory: Process Virtual Memory: 84.82 MB used, 84.82 MB peak
[2020.11.27-17.03.48:009][  0]LogMemory: Physical Memory: 11945.26 MB used,  4377.54 MB free, 16322.80 MB total
[2020.11.27-17.03.48:009][  0]LogMemory: Virtual Memory: 4616.11 MB used,  134213112.00 MB free, 134217728.00 MB total
[2020.11.27-17.03.48:742][  0]LogInit: Using OS detected language (en-GB).
[2020.11.27-17.03.48:742][  0]LogInit: Using OS detected locale (en-GB).
[2020.11.27-17.03.48:816][  0]LogTextLocalizationManager: No specific localization for 'en-GB' exists, so the 'en' localization will be used.
[2020.11.27-17.03.49:611][  0]LogStreaming: Display: Took  0.864s to InitEngineTextLocalization.
[2020.11.27-17.03.49:616][  0]LogInit: Setting process to per monitor DPI aware
[2020.11.27-17.03.50:349][  0]LogSlate: New Slate User Created.  User Index 0, Is Virtual User: 0
[2020.11.27-17.03.50:349][  0]LogSlate: Slate User Registered.  User Index 0, Is Virtual User: 0
[2020.11.27-17.03.53:060][  0]LogHMD: Failed to initialize OpenVR with code 100
[2020.11.27-17.03.53:060][  0]LogD3D11RHI: D3D11 adapters:
[2020.11.27-17.03.53:128][  0]LogD3D11RHI:    0. 'NVIDIA GeForce GTX 1060 6GB' (Feature Level 11_0)
[2020.11.27-17.03.53:128][  0]LogD3D11RHI:       6052/0/8161 MB DedicatedVideo/DedicatedSystem/SharedSystem, Outputs:2, VendorId:0x10de
[2020.11.27-17.03.53:131][  0]LogD3D11RHI:    1. 'Microsoft Basic Render Driver' (Feature Level 11_0)
[2020.11.27-17.03.53:131][  0]LogD3D11RHI:       0/0/8161 MB DedicatedVideo/DedicatedSystem/SharedSystem, Outputs:0, VendorId:0x1414
[2020.11.27-17.03.53:131][  0]LogD3D11RHI: Chosen D3D11 Adapter: 0
[2020.11.27-17.03.53:155][  0]LogD3D11RHI: Creating new Direct3DDevice
[2020.11.27-17.03.53:155][  0]LogD3D11RHI:     GPU DeviceId: 0x1c03 (for the marketing name, search the web for "GPU Device Id")
[2020.11.27-17.03.53:155][  0]LogWindows: EnumDisplayDevices:
[2020.11.27-17.03.53:155][  0]LogWindows:    0. 'NVIDIA GeForce GTX 1060 6GB' (P:0 D:1)
[2020.11.27-17.03.53:155][  0]LogWindows:    1. 'NVIDIA GeForce GTX 1060 6GB' (P:1 D:1)
[2020.11.27-17.03.53:155][  0]LogWindows:    2. 'NVIDIA GeForce GTX 1060 6GB' (P:0 D:0)
[2020.11.27-17.03.53:156][  0]LogWindows:    3. 'NVIDIA GeForce GTX 1060 6GB' (P:0 D:0)
[2020.11.27-17.03.53:156][  0]LogWindows: DebugString: FoundDriverCount:4 
[2020.11.27-17.03.53:156][  0]LogD3D11RHI:     Adapter Name: NVIDIA GeForce GTX 1060 6GB
[2020.11.27-17.03.53:156][  0]LogD3D11RHI:   Driver Version: 456.71 (internal:27.21.14.5671, unified:456.71)
[2020.11.27-17.03.53:156][  0]LogD3D11RHI:      Driver Date: 9-30-2020
[2020.11.27-17.03.53:156][  0]LogRHI: Texture pool is 4236 MB (70% of 6052 MB)
[2020.11.27-17.03.53:198][  0]LogD3D11RHI: Async texture creation enabled
[2020.11.27-17.03.53:520][  0]LogD3D11RHI: GPU Timing Frequency: 1000.000000 (Debug: 2 1)
[2020.11.27-17.03.54:301][  0]LogTemp: Display: Loaded TP AllDesktopTargetPlatform
[2020.11.27-17.03.54:351][  0]LogTemp: Display: Loaded TP MacClientTargetPlatform
[2020.11.27-17.03.54:399][  0]LogTemp: Display: Loaded TP MacNoEditorTargetPlatform
[2020.11.27-17.03.54:448][  0]LogTemp: Display: Loaded TP MacServerTargetPlatform
[2020.11.27-17.03.54:550][  0]LogTemp: Display: Loaded TP MacTargetPlatform
[2020.11.27-17.03.54:597][  0]LogTemp: Display: Loaded TP WindowsClientTargetPlatform
[2020.11.27-17.03.54:635][  0]LogTemp: Display: Loaded TP WindowsNoEditorTargetPlatform
[2020.11.27-17.03.54:656][  0]LogTemp: Display: Loaded TP WindowsServerTargetPlatform
[2020.11.27-17.03.54:686][  0]LogTemp: Display: Loaded TP WindowsTargetPlatform
[2020.11.27-17.03.54:817][  0]LogTemp: Display: Loaded TP AndroidTargetPlatform
[2020.11.27-17.03.54:817][  0]LogTemp: Display: Loaded TP AndroidTargetPlatform
[2020.11.27-17.03.54:817][  0]LogTemp: Display: Loaded TP AndroidTargetPlatform
[2020.11.27-17.03.54:817][  0]LogTemp: Display: Loaded TP AndroidTargetPlatform
[2020.11.27-17.03.54:817][  0]LogTemp: Display: Loaded TP AndroidTargetPlatform
[2020.11.27-17.03.54:817][  0]LogTemp: Display: Loaded TP AndroidTargetPlatform
[2020.11.27-17.03.54:817][  0]LogTemp: Display: Loaded TP AndroidTargetPlatform
[2020.11.27-17.03.54:817][  0]LogTemp: Display: Loaded TP AndroidTargetPlatform
[2020.11.27-17.03.54:817][  0]LogTemp: Display: Loaded TP AndroidTargetPlatform
[2020.11.27-17.03.54:817][  0]LogTemp: Display: Loaded TP AndroidTargetPlatform
[2020.11.27-17.03.54:817][  0]LogTemp: Display: Loaded TP AndroidTargetPlatform
[2020.11.27-17.03.54:817][  0]LogTemp: Display: Loaded TP AndroidTargetPlatform
[2020.11.27-17.03.54:817][  0]LogTemp: Display: Loaded TP AndroidTargetPlatform
[2020.11.27-17.03.54:817][  0]LogTemp: Display: Loaded TP AndroidTargetPlatform
[2020.11.27-17.03.54:817][  0]LogTemp: Display: Loaded TP AndroidTargetPlatform
[2020.11.27-17.03.54:817][  0]LogTemp: Display: Loaded TP AndroidTargetPlatform
[2020.11.27-17.03.54:817][  0]LogTemp: Display: Loaded TP AndroidTargetPlatform
[2020.11.27-17.03.54:817][  0]LogTemp: Display: Loaded TP AndroidTargetPlatform
[2020.11.27-17.03.54:860][  0]LogTemp: Display: Loaded TP HTML5TargetPlatform
[2020.11.27-17.03.55:015][  0]LogTemp: Display: Loaded TP IOSTargetPlatform
[2020.11.27-17.03.55:015][  0]LogTemp: Display: Loaded TP IOSTargetPlatform
[2020.11.27-17.03.55:058][  0]LogTemp: Display: Loaded TP TVOSTargetPlatform
[2020.11.27-17.03.55:058][  0]LogTemp: Display: Loaded TP TVOSTargetPlatform
[2020.11.27-17.03.55:108][  0]LogTemp: Display: Loaded TP LinuxClientTargetPlatform
[2020.11.27-17.03.55:148][  0]LogTemp: Display: Loaded TP LinuxNoEditorTargetPlatform
[2020.11.27-17.03.55:177][  0]LogTemp: Display: Loaded TP LinuxServerTargetPlatform
[2020.11.27-17.03.55:233][  0]LogTemp: Display: Loaded TP LinuxTargetPlatform
[2020.11.27-17.03.55:295][  0]LogTemp: Display: Loaded TP LuminTargetPlatform
[2020.11.27-17.03.55:295][  0]LogTemp: Display: Loaded TP LuminTargetPlatform
[2020.11.27-17.03.55:295][  0]LogTargetPlatformManager: Display: Building Assets For Windows
[2020.11.27-17.03.56:241][  0]LogShaderCompilers: Guid format shader working directory is -16 characters bigger than the processId version (../../../../../Game Dev/Team1Dev/ProjectFiles/GameDevelopment/Intermediate/Shaders/WorkingDirectory/24940/).
[2020.11.27-17.03.56:241][  0]LogShaderCompilers: Cleaned the shader compiler working directory 'C:/Users/Harry/AppData/Local/Temp/UnrealShaderWorkingDir/E6A024E549E5D4BAC6AD4EB8C2B5B29C/'.
[2020.11.27-17.03.56:246][  0]LogXGEController: Cleaning working directory: C:/Users/Harry/AppData/Local/Temp/UnrealXGEWorkingDir/
[2020.11.27-17.03.56:246][  0]LogXGEController: Cannot use XGE Controller as Incredibuild is not installed on this machine.
[2020.11.27-17.03.56:246][  0]LogShaderCompilers: Cannot use XGE Shader Compiler as Incredibuild is not installed on this machine.
[2020.11.27-17.03.56:246][  0]LogShaderCompilers: Display: Using Local Shader Compiler.
[2020.11.27-17.03.58:899][  0]LogDerivedDataCache: Display: Max Cache Size: 512 MB
[2020.11.27-17.03.59:004][  0]LogDerivedDataCache: Loaded boot cache 0.10s 71MB C:/Users/Harry/AppData/Local/UnrealEngine/4.21/DerivedDataCache/Boot.ddc.
[2020.11.27-17.03.59:004][  0]LogDerivedDataCache: Display: Loaded Boot cache: C:/Users/Harry/AppData/Local/UnrealEngine/4.21/DerivedDataCache/Boot.ddc
[2020.11.27-17.03.59:004][  0]LogDerivedDataCache: FDerivedDataBackendGraph:  Pak pak cache file ../../../../../Game Dev/Team1Dev/ProjectFiles/GameDevelopment/DerivedDataCache/DDC.ddp not found, will not use a pak cache.
[2020.11.27-17.03.59:004][  0]LogDerivedDataCache: Unable to find inner node Pak for hierarchical cache Hierarchy.
[2020.11.27-17.03.59:004][  0]LogDerivedDataCache: FDerivedDataBackendGraph:  CompressedPak pak cache file ../../../../../Game Dev/Team1Dev/ProjectFiles/GameDevelopment/DerivedDataCache/Compressed.ddp not found, will not use a pak cache.
[2020.11.27-17.03.59:004][  0]LogDerivedDataCache: Unable to find inner node CompressedPak for hierarchical cache Hierarchy.
[2020.11.27-17.03.59:090][  0]LogDerivedDataCache: Display: Pak cache opened for reading ../../../Engine/DerivedDataCache/Compressed.ddp.
[2020.11.27-17.03.59:090][  0]LogDerivedDataCache: FDerivedDataBackendGraph:  EnterprisePak pak cache file ../../../Enterprise/DerivedDataCache/Compressed.ddp not found, will not use a pak cache.
[2020.11.27-17.03.59:090][  0]LogDerivedDataCache: Unable to find inner node EnterprisePak for hierarchical cache Hierarchy.
[2020.11.27-17.03.59:104][  0]LogDerivedDataCache: Using Local data cache path C:/Users/Harry/AppData/Local/UnrealEngine/Common/DerivedDataCache: Writable
[2020.11.27-17.03.59:104][  0]LogDerivedDataCache: Shared data cache path not found in *engine.ini, will not use an Shared cache.
[2020.11.27-17.03.59:104][  0]LogDerivedDataCache: Unable to find inner node Shared for hierarchical cache Hierarchy.
[2020.11.27-17.03.59:165][  0]LogMaterial: Verifying Global Shaders for PCD3D_SM5
[2020.11.27-17.03.59:234][  0]LogSlate: Using FreeType 2.6.0
[2020.11.27-17.03.59:350][  0]LogSlate: SlateFontServices - WITH_FREETYPE: 1, WITH_HARFBUZZ: 1
[2020.11.27-17.04.01:211][  0]LogAssetRegistry: FAssetRegistry took 0.0331 seconds to start up
[2020.11.27-17.04.05:332][  0]LogInit: Selected Device Profile: [Windows]
[2020.11.27-17.04.06:967][  0]LogSimplygon: Simplygon DLL not present - disabling.
[2020.11.27-17.04.07:074][  0]LogMeshReduction: Using SimplygonSwarm for distributed automatic mesh merging
[2020.11.27-17.04.07:074][  0]LogMeshReduction: Using ProxyLODMeshReduction for automatic mesh merging
[2020.11.27-17.04.07:119][  0]LogMeshReduction: Using QuadricMeshReduction for automatic static mesh reduction
[2020.11.27-17.04.07:119][  0]LogMeshReduction: No automatic skeletal mesh reduction module available
[2020.11.27-17.04.07:460][  0]LogNetVersion: GameDevelopment 1.0.0, NetCL: 4541578, EngineNetVer: 5, GameNetVer: 0 (Checksum: 3012383580)
[2020.11.27-17.04.12:110][  0]LogPackageLocalizationCache: Processed 12 localized package path(s) for 2 prioritized culture(s) in 0.161467 seconds
[2020.11.27-17.04.12:132][  0]LogUObjectArray: 39775 objects as part of root set at end of initial load.
[2020.11.27-17.04.12:132][  0]LogUObjectAllocator: 6914664 out of 0 bytes used by permanent object pool.
[2020.11.27-17.04.12:132][  0]LogUObjectArray: CloseDisregardForGC: 0/0 objects in disregard for GC pool
[2020.11.27-17.04.31:518][  0]LogTcpMessaging: Initializing TcpMessaging bridge
[2020.11.27-17.04.31:568][  0]LogUdpMessaging: Initializing bridge on interface 0.0.0.0:0 to multicast group 230.0.0.1:6666.
[2020.11.27-17.04.33:794][  0]SourceControl: Source control is disabled
[2020.11.27-17.04.33:799][  0]SourceControl: Source control is disabled
[2020.11.27-17.04.33:931][  0]SourceControl: Source control is disabled
[2020.11.27-17.04.33:967][  0]SourceControl: Source control is disabled
[2020.11.27-17.04.35:506][  0]LogAndroidPermission: UAndroidPermissionCallbackProxy::GetInstance
[2020.11.27-17.04.35:790][  0]LogOcInput: OculusInput pre-init called
[2020.11.27-17.04.36:252][  0]LogPython: Python Scripts search path: ../../../../../Game Dev/Team1Dev/ProjectFiles/GameDevelopment/Content/Scripts
[2020.11.27-17.04.36:252][  0]LogPython: Python Scripts search path: ../../../Engine/Plugins/UnrealEnginePython
[2020.11.27-17.04.36:252][  0]LogPython: Python VM initialized: 3.6.2 (v3.6.2:5fd33b5, Jul  8 2017, 04:57:36) [MSC v.1900 64 bit (AMD64)]
[2020.11.27-17.04.38:330][  0]LogPython: ####################----------Python Integration for Megascans Initialized----------####################
[2020.11.27-17.04.38:330][  0]LogPython: 

[2020.11.27-17.04.38:330][  0]LogPython: B:\UE4\UE_4.21\Engine\Plugins\UnrealEnginePython\
[2020.11.27-17.04.38:330][  0]LogPython: 

[2020.11.27-17.04.39:302][  0]LogPython: Megascans Integration - LiveLink Initialized...
[2020.11.27-17.04.39:302][  0]LogPython: 

[2020.11.27-17.04.39:381][  0]LogPython: ue_site Python module successfully imported
[2020.11.27-17.04.40:680][  0]LogEngine: Initializing Engine...
[2020.11.27-17.04.40:715][  0]LogHMD: Failed to initialize OpenVR with code 100
[2020.11.27-17.04.40:717][  0]LogStats: UGameplayTagsManager::ConstructGameplayTagTree: ImportINI prefixes -  0.000 s
[2020.11.27-17.04.40:717][  0]LogStats: UGameplayTagsManager::ConstructGameplayTagTree: Construct from data asset -  0.000 s
[2020.11.27-17.04.40:717][  0]LogStats: UGameplayTagsManager::ConstructGameplayTagTree: ImportINI -  0.000 s
[2020.11.27-17.04.40:717][  0]LogStats: UGameplayTagsManager::ConstructGameplayTagTree: GameplayTagTreeChangedEvent.Broadcast -  0.000 s
[2020.11.27-17.04.41:597][  0]LogInit: Initializing FReadOnlyCVARCache
[2020.11.27-17.04.41:992][  0]LogAIModule: Creating AISystem for world Untitled
[2020.11.27-17.04.42:143][  0]LogInit: XAudio2 using 'Speakers (Realtek High Definition Audio)' : 2 channels at 48 kHz using 32 bits per sample (channel mask 0x3)
[2020.11.27-17.04.42:213][  0]LogInit: FAudioDevice initialized.
[2020.11.27-17.04.42:214][  0]LogNetVersion: Set ProjectVersion to 1.0.0.0. Version Checksum will be recalculated on next use.
[2020.11.27-17.04.42:255][  0]LogDerivedDataCache: Saved boot cache 0.04s 71MB C:/Users/Harry/AppData/Local/UnrealEngine/4.21/DerivedDataCache/Boot.ddc.
[2020.11.27-17.04.42:261][  0]LogInit: Texture streaming: Enabled
[2020.11.27-17.04.42:421][  0]LogEngineSessionManager: EngineSessionManager initialized
[2020.11.27-17.04.42:552][  0]LogInit: Transaction tracking system initialized
[2020.11.27-17.04.42:940][  0]BlueprintLog: New page: Editor Load
[2020.11.27-17.04.44:241][  0]LocalizationService: Localization service is disabled
[2020.11.27-17.04.47:820][  0]LogFileCache: Scanning file cache for directory 'B:/Game Dev/Team1Dev/ProjectFiles/GameDevelopment/Content/' took 0.02s
[2020.11.27-17.04.47:820][  0]LogCook: Display: Max memory allowance for cook 16384mb min free memory 0mb
[2020.11.27-17.04.47:830][  0]LogCook: Display: Mobile HDR setting 1
[2020.11.27-17.04.47:831][  0]LogGameplayTags: Display: UGameplayTagsManager::DoneAddingNativeTags. DelegateIsBound: 0
[2020.11.27-17.04.47:831][  0]LogStats: UGameplayTagsManager::ConstructGameplayTagTree: ImportINI prefixes -  0.000 s
[2020.11.27-17.04.47:831][  0]LogStats: UGameplayTagsManager::ConstructGameplayTagTree: Construct from data asset -  0.000 s
[2020.11.27-17.04.47:831][  0]LogStats: UGameplayTagsManager::ConstructGameplayTagTree: ImportINI -  0.000 s
[2020.11.27-17.04.47:831][  0]LogStats: UGameplayTagsManager::ConstructGameplayTagTree: GameplayTagTreeChangedEvent.Broadcast -  0.000 s
[2020.11.27-17.04.50:294][  0]SourceControl: Source control is disabled
[2020.11.27-17.04.50:324][  0]Cmd: MAP LOAD FILE="../../../../../Game Dev/Team1Dev/ProjectFiles/GameDevelopment/Content/ThirdPersonBP/Maps/ThirdPersonExampleMap.umap" TEMPLATE=0 SHOWPROGRESS=1 FEATURELEVEL=3
[2020.11.27-17.04.50:333][  0]LogEditorServer: Warning: Can't find file '../../../../../Game Dev/Team1Dev/ProjectFiles/GameDevelopment/Content/ThirdPersonBP/Maps/ThirdPersonExampleMap.umap'
[2020.11.27-17.04.50:333][  0]Cmd: MAP CHECKDEP NOCLEARLOG
[2020.11.27-17.04.50:348][  0]MapCheck: Map check complete: 0 Error(s), 0 Warning(s), took 14.814ms to complete.
[2020.11.27-17.04.50:348][  0]LogFileHelpers: Loading map 'ThirdPersonExampleMap' took 0.038
[2020.11.27-17.04.51:873][  0]LogSlate: Updating window title bar state: overlay mode, drag disabled, window buttons hidden, title bar hidden
[2020.11.27-17.04.51:879][  0]LogSlate: Updating window title bar state: overlay mode, drag disabled, window buttons hidden, title bar hidden
[2020.11.27-17.04.51:885][  0]LogSlate: Updating window title bar state: overlay mode, drag disabled, window buttons hidden, title bar hidden
[2020.11.27-17.04.51:890][  0]LogSlate: Updating window title bar state: overlay mode, drag disabled, window buttons hidden, title bar hidden
[2020.11.27-17.04.51:971][  0]LogCollectionManager: Loaded 0 collections in 0.021878 seconds
[2020.11.27-17.04.52:065][  0]LogFileCache: Scanning file cache for directory 'B:/Game Dev/Team1Dev/ProjectFiles/GameDevelopment/Saved/Collections/' took 0.01s
[2020.11.27-17.04.52:065][  0]LogFileCache: Scanning file cache for directory 'B:/Game Dev/Team1Dev/ProjectFiles/GameDevelopment/Content/Developers/Harry/Collections/' took 0.01s
[2020.11.27-17.04.52:065][  0]LogFileCache: Scanning file cache for directory 'B:/Game Dev/Team1Dev/ProjectFiles/GameDevelopment/Content/Collections/' took 0.00s
[2020.11.27-17.04.52:065][  0]LogCollectionManager: Rebuilt the GUID cache for 0 collections in 0.000000 seconds
[2020.11.27-17.04.52:072][  0]LogContentBrowser: Native class hierarchy populated in 0.0063 seconds. Added 2670 classes and 627 folders.
[2020.11.27-17.04.52:146][  0]LogContentBrowser: Native class hierarchy updated for 'WidgetCarousel' in 0.0002 seconds. Added 0 classes and 0 folders.
[2020.11.27-17.04.52:283][  0]LogPakFile: Registered encryption key '00000000000000000000000000000000': 0 pak files mounted, 0 remain pending
[2020.11.27-17.04.52:345][  0]LogPakFile: Registered encryption key '00000000000000000000000000000000': 0 pak files mounted, 0 remain pending
[2020.11.27-17.04.52:366][  0]LogPakFile: Registered encryption key '00000000000000000000000000000000': 0 pak files mounted, 0 remain pending
[2020.11.27-17.04.52:382][  0]LogPakFile: Registered encryption key '00000000000000000000000000000000': 0 pak files mounted, 0 remain pending
[2020.11.27-17.04.52:391][  0]LogPakFile: Registered encryption key '00000000000000000000000000000000': 0 pak files mounted, 0 remain pending
[2020.11.27-17.04.52:411][  0]LogPakFile: Registered encryption key '00000000000000000000000000000000': 0 pak files mounted, 0 remain pending
[2020.11.27-17.04.52:426][  0]LogPakFile: Registered encryption key '00000000000000000000000000000000': 0 pak files mounted, 0 remain pending
[2020.11.27-17.04.52:444][  0]LogPakFile: Registered encryption key '00000000000000000000000000000000': 0 pak files mounted, 0 remain pending
[2020.11.27-17.04.52:453][  0]LogPakFile: Registered encryption key '00000000000000000000000000000000': 0 pak files mounted, 0 remain pending
[2020.11.27-17.04.52:470][  0]LogPakFile: Registered encryption key '00000000000000000000000000000000': 0 pak files mounted, 0 remain pending
[2020.11.27-17.04.52:489][  0]LogPakFile: Registered encryption key '00000000000000000000000000000000': 0 pak files mounted, 0 remain pending
[2020.11.27-17.04.52:502][  0]LogPakFile: Registered encryption key '00000000000000000000000000000000': 0 pak files mounted, 0 remain pending
[2020.11.27-17.04.52:519][  0]LogPakFile: Registered encryption key '00000000000000000000000000000000': 0 pak files mounted, 0 remain pending
[2020.11.27-17.04.52:535][  0]LogPakFile: Registered encryption key '00000000000000000000000000000000': 0 pak files mounted, 0 remain pending
[2020.11.27-17.04.52:549][  0]LogPakFile: Registered encryption key '00000000000000000000000000000000': 0 pak files mounted, 0 remain pending
[2020.11.27-17.04.52:563][  0]LogPakFile: Registered encryption key '00000000000000000000000000000000': 0 pak files mounted, 0 remain pending
[2020.11.27-17.04.52:587][  0]LogPakFile: Registered encryption key '00000000000000000000000000000000': 0 pak files mounted, 0 remain pending
[2020.11.27-17.04.52:600][  0]LogPakFile: Registered encryption key '00000000000000000000000000000000': 0 pak files mounted, 0 remain pending
[2020.11.27-17.04.52:615][  0]LogPakFile: Registered encryption key '00000000000000000000000000000000': 0 pak files mounted, 0 remain pending
[2020.11.27-17.04.52:624][  0]LogPakFile: Registered encryption key '00000000000000000000000000000000': 0 pak files mounted, 0 remain pending
[2020.11.27-17.04.52:650][  0]LogPakFile: Registered encryption key '00000000000000000000000000000000': 0 pak files mounted, 0 remain pending
[2020.11.27-17.04.52:659][  0]LogPakFile: Registered encryption key '00000000000000000000000000000000': 0 pak files mounted, 0 remain pending
[2020.11.27-17.04.52:669][  0]LogPakFile: Registered encryption key '00000000000000000000000000000000': 0 pak files mounted, 0 remain pending
[2020.11.27-17.04.52:686][  0]LogPakFile: Registered encryption key '00000000000000000000000000000000': 0 pak files mounted, 0 remain pending
[2020.11.27-17.04.52:702][  0]LogPakFile: Registered encryption key '00000000000000000000000000000000': 0 pak files mounted, 0 remain pending
[2020.11.27-17.04.52:716][  0]LogPakFile: Registered encryption key '00000000000000000000000000000000': 0 pak files mounted, 0 remain pending
[2020.11.27-17.04.53:628][  0]LogContentBrowser: Native class hierarchy updated for 'AddContentDialog' in 0.0002 seconds. Added 0 classes and 0 folders.
[2020.11.27-17.04.53:679][  0]LogContentBrowser: Native class hierarchy updated for 'SceneOutliner' in 0.0003 seconds. Added 1 classes and 2 folders.
[2020.11.27-17.04.54:439][  0]LogSlate: Took 0.013859 seconds to synchronously load lazily loaded font '../../../Engine/Content/Slate/Fonts/Roboto-Regular.ttf' (155K)
[2020.11.27-17.04.54:467][  0]LogSlate: Took 0.016819 seconds to synchronously load lazily loaded font '../../../Engine/Content/Slate/Fonts/Roboto-Bold.ttf' (160K)
[2020.11.27-17.04.54:572][  0]LogSlate: Took 0.026156 seconds to synchronously load lazily loaded font '../../../Engine/Content/Editor/Slate/Fonts/FontAwesome.ttf' (139K)
[2020.11.27-17.04.55:087][  0]LogRenderer: Reallocating scene render targets to support 1208x576 Format 10 NumSamples 1 (Frame:1).
[2020.11.27-17.04.55:849][  0]LogContentBrowser: Native class hierarchy updated for 'HierarchicalLODOutliner' in 0.0002 seconds. Added 0 classes and 0 folders.
[2020.11.27-17.04.55:849][  0]LogLoad: (Engine Initialization) Total time: 80.67 seconds
[2020.11.27-17.04.55:849][  0]LogLoad: (Engine Initialization) Total Blueprint compile time: 0.00 seconds
[2020.11.27-17.04.56:020][  0]LogContentStreaming: Texture pool size now 1000 MB
[2020.11.27-17.04.56:177][  0]LogSlate: Took 0.025193 seconds to synchronously load lazily loaded font '../../../Engine/Content/Slate/Fonts/Roboto-Light.ttf' (167K)
[2020.11.27-17.04.56:508][  1]LogAssetRegistry: Asset discovery search completed in 55.3209 seconds
[2020.11.27-17.04.56:509][  1]LogCollectionManager: Rebuilt the object cache for 0 collections in 0.000000 seconds (found 0 objects)
[2020.11.27-17.04.56:510][  1]LogCollectionManager: Fixed up redirectors for 0 collections in 0.000078 seconds (updated 0 objects)
[2020.11.27-17.04.57:157][  4]LogPython: tcp server spawned on 127.0.0.1:13428
[2020.11.27-17.05.26:489][ 91]LogSlate: FSceneViewport::OnFocusLost() reason 0
[2020.11.27-17.05.33:923][838]LogSlate: Took 0.000113 seconds to synchronously load lazily loaded font '../../../Engine/Content/Slate/Fonts/Roboto-Light.ttf' (167K)
[2020.11.27-17.05.41:531][838]LogSlate: Window 'Pick Parent Class' being destroyed
[2020.11.27-17.05.52:767][148]LogSlate: Prevented a slow task dialog from being summoned while a context menu was open
[2020.11.27-17.05.56:301][560]LogSlate: Prevented a slow task dialog from being summoned while a context menu was open
[2020.11.27-17.05.57:871][560]LogSlate: Prevented a slow task dialog from being summoned while a context menu was open
[2020.11.27-17.06.46:103][957]LogTemp: Executing iPhonePackager certificates Engine -bundlename com.YourCompany.GameDevelopment
[2020.11.27-17.06.46:103][957]LogTemp: CWD: B:\UE4\UE_4.21\Engine\Binaries\DotNET\IOS
[2020.11.27-17.06.46:103][957]LogTemp: Initial Dir: B:\UE4\UE_4.21
[2020.11.27-17.06.46:103][957]LogTemp: Env CWD: B:\UE4\UE_4.21\Engine\Binaries\DotNET\IOS
[2020.11.27-17.06.46:103][957]LogSlate: Only BGRA pngs, bmps or icos are supported in by External Image Picker
[2020.11.27-17.06.46:188][958]LogTemp: BranchPath = DESKTOP-VPH4N5O/B/UE4/UE_4.21/Engine/Binaries --- GameBranchPath = DESKTOP-VPH4N5O/B/UE4/UE_4.21/Engine/Binaries
[2020.11.27-17.06.46:188][958]LogTemp: IPP ERROR: Could not find provision directory 'C:\Users\Harry\AppData\Local/Apple Computer/MobileDevice/Provisioning Profiles/'.
[2020.11.27-17.07.35:511][827]LogLinker: Warning: Can't find file '/Game/ThirdPersonBP/Blueprints/ThirdPersonGameMode'
[2020.11.27-17.07.35:511][827]LogLinker: Warning: Can't find file '/Game/ThirdPersonBP/Blueprints/ThirdPersonGameMode'
[2020.11.27-17.07.35:511][827]LogUObjectGlobals: Warning: Failed to find object 'Class /Game/ThirdPersonBP/Blueprints/ThirdPersonGameMode.ThirdPersonGameMode_C'
[2020.11.27-17.07.40:062][371]LogSlate: Prevented a slow task dialog from being summoned while a context menu was open
[2020.11.27-17.07.44:570][902]LogSlate: Window 'Project Settings' being destroyed
[2020.11.27-17.07.44:583][902]LogSlate: Window 'Project Settings' being destroyed
[2020.11.27-17.07.54:697][ 67]LogMetaData: Removing '/Game/Blueprints/T1_Instance.SKEL_T1_Instance_C' ref from Metadata '/Game/Blueprints/BP_Instance.PackageMetaData'
[2020.11.27-17.07.54:697][ 67]LogMetaData: Removing '/Game/Blueprints/T1_Instance.T1_Instance_C' ref from Metadata '/Game/Blueprints/BP_Instance.PackageMetaData'
[2020.11.27-17.07.54:749][ 67]Cmd: OBJ SAVEPACKAGE PACKAGE="/Game/Blueprints/T1_Instance" FILE="../../../../../Game Dev/Team1Dev/ProjectFiles/GameDevelopment/Content/Blueprints/T1_Instance.uasset" SILENT=true
[2020.11.27-17.07.54:771][ 67]LogSavePackage: Moving '../../../../../Game Dev/Team1Dev/ProjectFiles/GameDevelopment/Saved/T1_Instance64818E6E4C40E3E4F7F85B8C498482B8.tmp' to '../../../../../Game Dev/Team1Dev/ProjectFiles/GameDevelopment/Content/Blueprints/T1_Instance.uasset'
[2020.11.27-17.08.05:902][232]LogSlate: Only BGRA pngs, bmps or icos are supported in by External Image Picker
[2020.11.27-17.08.06:132][252]LogTemp: Executing iPhonePackager certificates Engine -bundlename com.YourCompany.GameDevelopment
[2020.11.27-17.08.06:132][252]LogTemp: CWD: B:\UE4\UE_4.21\Engine\Binaries\DotNET\IOS
[2020.11.27-17.08.06:132][252]LogTemp: Initial Dir: B:\UE4\UE_4.21
[2020.11.27-17.08.06:132][252]LogTemp: Env CWD: B:\UE4\UE_4.21\Engine\Binaries\DotNET\IOS
[2020.11.27-17.08.06:132][252]LogTemp: BranchPath = DESKTOP-VPH4N5O/B/UE4/UE_4.21/Engine/Binaries --- GameBranchPath = DESKTOP-VPH4N5O/B/UE4/UE_4.21/Engine/Binaries
[2020.11.27-17.08.06:148][254]LogTemp: IPP ERROR: Could not find provision directory 'C:\Users\Harry\AppData\Local/Apple Computer/MobileDevice/Provisioning Profiles/'.
[2020.11.27-17.08.24:492][402]LogSlate: Window 'Project Settings' being destroyed
[2020.11.27-17.08.24:500][402]LogSlate: Window 'Project Settings' being destroyed
[2020.11.27-17.08.30:276][607]LogSlate: Window 'Save Level As' being destroyed
[2020.11.27-17.08.38:070][405]LogPhysics: Warning: PHYSX: (D:\Build\++UE4\Sync\Engine\Source\ThirdParty\PhysX3\PhysX_3.4\Source\PhysXCooking\src\convex\QuickHullConvexHullLib.cpp 937) eINTERNAL_ERROR : QuickHullConvexHullLib::findSimplex: Simplex input points appers to be coplanar.
[2020.11.27-17.08.38:090][405]LogPhysics: Warning: PHYSX: (D:\Build\++UE4\Sync\Engine\Source\ThirdParty\PhysX3\PhysX_3.4\Source\PhysXCooking\src\convex\QuickHullConvexHullLib.cpp 937) eINTERNAL_ERROR : QuickHullConvexHullLib::findSimplex: Simplex input points appers to be coplanar.
[2020.11.27-17.08.38:091][405]LogPhysics: Warning: Failed to cook convex: /Game/Geometry/Meshes/SM_River.SM_River 4 (FlipX:0). The remaining elements will not get cooked.
[2020.11.27-17.08.38:091][405]LogPhysics: Warning: PHYSX: (D:\Build\++UE4\Sync\Engine\Source\ThirdParty\PhysX3\PhysX_3.4\Source\PhysXCooking\src\convex\QuickHullConvexHullLib.cpp 937) eINTERNAL_ERROR : QuickHullConvexHullLib::findSimplex: Simplex input points appers to be coplanar.
[2020.11.27-17.08.38:091][405]LogPhysics: Warning: PHYSX: (D:\Build\++UE4\Sync\Engine\Source\ThirdParty\PhysX3\PhysX_3.4\Source\PhysXCooking\src\convex\QuickHullConvexHullLib.cpp 937) eINTERNAL_ERROR : QuickHullConvexHullLib::findSimplex: Simplex input points appers to be coplanar.
[2020.11.27-17.08.38:091][405]LogPhysics: Warning: Failed to cook convex: /Game/Geometry/Meshes/SM_River.SM_River 5 (FlipX:0). The remaining elements will not get cooked.
[2020.11.27-17.08.38:091][405]LogPhysics: Warning: PHYSX: (D:\Build\++UE4\Sync\Engine\Source\ThirdParty\PhysX3\PhysX_3.4\Source\PhysXCooking\src\convex\QuickHullConvexHullLib.cpp 937) eINTERNAL_ERROR : QuickHullConvexHullLib::findSimplex: Simplex input points appers to be coplanar.
[2020.11.27-17.08.38:091][405]LogPhysics: Warning: PHYSX: (D:\Build\++UE4\Sync\Engine\Source\ThirdParty\PhysX3\PhysX_3.4\Source\PhysXCooking\src\convex\QuickHullConvexHullLib.cpp 937) eINTERNAL_ERROR : QuickHullConvexHullLib::findSimplex: Simplex input points appers to be coplanar.
[2020.11.27-17.08.38:091][405]LogPhysics: Warning: Failed to cook convex: /Game/Geometry/Meshes/SM_River.SM_River 4 (FlipX:1). The remaining elements will not get cooked.
[2020.11.27-17.08.38:091][405]LogPhysics: Warning: PHYSX: (D:\Build\++UE4\Sync\Engine\Source\ThirdParty\PhysX3\PhysX_3.4\Source\PhysXCooking\src\convex\QuickHullConvexHullLib.cpp 937) eINTERNAL_ERROR : QuickHullConvexHullLib::findSimplex: Simplex input points appers to be coplanar.
[2020.11.27-17.08.38:091][405]LogPhysics: Warning: PHYSX: (D:\Build\++UE4\Sync\Engine\Source\ThirdParty\PhysX3\PhysX_3.4\Source\PhysXCooking\src\convex\QuickHullConvexHullLib.cpp 937) eINTERNAL_ERROR : QuickHullConvexHullLib::findSimplex: Simplex input points appers to be coplanar.
[2020.11.27-17.08.38:091][405]LogPhysics: Warning: Failed to cook convex: /Game/Geometry/Meshes/SM_River.SM_River 5 (FlipX:1). The remaining elements will not get cooked.
[2020.11.27-17.08.38:091][405]LogPhysics: Warning: PHYSX: (D:\Build\++UE4\Sync\Engine\Source\ThirdParty\PhysX3\PhysX_3.4\Source\PhysXCooking\src\convex\QuickHullConvexHullLib.cpp 937) eINTERNAL_ERROR : QuickHullConvexHullLib::findSimplex: Simplex input points appers to be coplanar.
[2020.11.27-17.08.38:091][405]LogPhysics: Warning: PHYSX: (D:\Build\++UE4\Sync\Engine\Source\ThirdParty\PhysX3\PhysX_3.4\Source\PhysXCooking\src\convex\QuickHullConvexHullLib.cpp 937) eINTERNAL_ERROR : QuickHullConvexHullLib::findSimplex: Simplex input points appers to be coplanar.
[2020.11.27-17.08.38:091][405]LogPhysics: Warning: Failed to cook convex: /Game/Geometry/Meshes/SM_River.SM_River 7 (FlipX:1). The remaining elements will not get cooked.
[2020.11.27-17.08.38:097][405]LogPhysics: Warning: Attempt to build physics data for /Game/Geometry/Meshes/SM_River.SM_River:BodySetup_0 when we are unable to.
[2020.11.27-17.08.38:717][405]LogAIModule: Creating AISystem for world TutorialMap
[2020.11.27-17.08.39:118][405]LogAssetEditorManager: Opening Asset editor for World /Game/Maps/TutorialMap.TutorialMap
[2020.11.27-17.08.40:333][405]LogSlate: Window 'Save Content' being destroyed
[2020.11.27-17.08.46:112][405]LogSlate: Window 'Save Level As' being destroyed
[2020.11.27-17.08.50:945][731]LogSlate: Window 'Save Level As' being destroyed
[2020.11.27-17.08.55:052][217]LogAssetEditorManager: Opening Asset editor for World /Game/Maps/TutorialMap.TutorialMap
[2020.11.27-17.08.56:601][217]LogSlate: Window 'Save Content' being destroyed
[2020.11.27-17.08.56:604][217]Cmd: MAP LOAD FILE="../../../../../Game Dev/Team1Dev/ProjectFiles/GameDevelopment/Content/Maps/TutorialMap.umap" TEMPLATE=0 SHOWPROGRESS=1 FEATURELEVEL=3
[2020.11.27-17.08.56:605][217]LightingResults: New page: Lighting Build
[2020.11.27-17.08.56:620][217]LogContentBrowser: Native class hierarchy updated for 'StatsViewer' in 0.0002 seconds. Added 5 classes and 0 folders.
[2020.11.27-17.08.56:621][217]LoadErrors: New page: Loading map: TutorialMap.umap
[2020.11.27-17.08.56:649][217]MapCheck: New page: Map Check
[2020.11.27-17.08.56:650][217]LightingResults: New page: Lighting Build
[2020.11.27-17.08.57:417][217]LogPhysics: Warning: PopulatePhysXGeometryAndTransform(Convex): ConvexElem is missing ConvexMesh
[2020.11.27-17.08.57:417][217]LogPhysics: Warning: ForeachShape(Convex): ScaledElem[0] invalid
[2020.11.27-17.08.57:417][217]LogPhysics: Warning: PopulatePhysXGeometryAndTransform(Convex): ConvexElem is missing ConvexMesh
[2020.11.27-17.08.57:417][217]LogPhysics: Warning: ForeachShape(Convex): ScaledElem[1] invalid
[2020.11.27-17.08.57:417][217]LogPhysics: Warning: PopulatePhysXGeometryAndTransform(Convex): ConvexElem is missing ConvexMesh
[2020.11.27-17.08.57:417][217]LogPhysics: Warning: ForeachShape(Convex): ScaledElem[2] invalid
[2020.11.27-17.08.57:417][217]LogPhysics: Warning: PopulatePhysXGeometryAndTransform(Convex): ConvexElem is missing ConvexMesh
[2020.11.27-17.08.57:417][217]LogPhysics: Warning: ForeachShape(Convex): ScaledElem[3] invalid
[2020.11.27-17.08.57:417][217]LogPhysics: Warning: PopulatePhysXGeometryAndTransform(Convex): ConvexElem is missing ConvexMesh
[2020.11.27-17.08.57:417][217]LogPhysics: Warning: ForeachShape(Convex): ScaledElem[4] invalid
[2020.11.27-17.08.57:417][217]LogPhysics: Warning: PopulatePhysXGeometryAndTransform(Convex): ConvexElem is missing ConvexMesh
[2020.11.27-17.08.57:417][217]LogPhysics: Warning: ForeachShape(Convex): ScaledElem[5] invalid
[2020.11.27-17.08.57:417][217]LogPhysics: Warning: PopulatePhysXGeometryAndTransform(Convex): ConvexElem is missing ConvexMesh
[2020.11.27-17.08.57:417][217]LogPhysics: Warning: ForeachShape(Convex): ScaledElem[6] invalid
[2020.11.27-17.08.57:417][217]LogPhysics: Warning: PopulatePhysXGeometryAndTransform(Convex): ConvexElem is missing ConvexMesh
[2020.11.27-17.08.57:417][217]LogPhysics: Warning: ForeachShape(Convex): ScaledElem[7] invalid
[2020.11.27-17.08.58:069][217]LogEditorServer: Finished looking for orphan Actors (0.000 secs)
[2020.11.27-17.08.58:126][217]Cmd: MAP CHECKDEP NOCLEARLOG
[2020.11.27-17.08.58:126][217]MapCheck: Map check complete: 0 Error(s), 0 Warning(s), took 0.103ms to complete.
[2020.11.27-17.08.58:129][217]LogFileHelpers: Loading map 'TutorialMap' took 1.526
[2020.11.27-17.09.02:933][713]LogSlate: Window 'GameDevelopment - Unreal Editor' being destroyed
[2020.11.27-17.09.02:933][713]LogWindowsTextInputMethodSystem: Display: IME system now deactivated.
[2020.11.27-17.09.03:141][714]Cmd: QUIT_EDITOR
[2020.11.27-17.09.03:276][714]LogExit: Preparing to exit.
[2020.11.27-17.09.03:903][714]LogExit: Editor shut down
[2020.11.27-17.09.03:903][714]LogExit: Transaction tracking system shut down
[2020.11.27-17.09.04:608][714]LogExit: Object subsystem successfully closed.
[2020.11.27-17.09.04:646][714]LogShaderCompilers: Display: Shaders left to compile 0
[2020.11.27-17.09.04:649][714]LogD3D11RHI: Shutdown
[2020.11.27-17.09.04:649][714]LogD3D11RHI: CleanupD3DDevice
[2020.11.27-17.09.04:652][714]LogD3D11RHI: ~FD3D11DynamicRHI
[2020.11.27-17.09.05:086][714]LogModuleManager: Shutting down and abandoning module StatsViewer (630)
[2020.11.27-17.09.05:087][714]LogModuleManager: Shutting down and abandoning module ExternalImagePicker (628)
[2020.11.27-17.09.05:087][714]LogModuleManager: Shutting down and abandoning module HierarchicalLODOutliner (626)
[2020.11.27-17.09.05:087][714]LogModuleManager: Shutting down and abandoning module SceneOutliner (624)
[2020.11.27-17.09.05:087][714]LogModuleManager: Shutting down and abandoning module AddContentDialog (622)
[2020.11.27-17.09.05:087][714]LogModuleManager: Shutting down and abandoning module WidgetCarousel (621)
[2020.11.27-17.09.05:087][714]LogModuleManager: Shutting down and abandoning module EditorWidgets (618)
[2020.11.27-17.09.05:087][714]LogModuleManager: Shutting down and abandoning module CollectionManager (616)
[2020.11.27-17.09.05:087][714]LogModuleManager: Shutting down and abandoning module FoliageEdit (614)
[2020.11.27-17.09.05:087][714]LogModuleManager: Shutting down and abandoning module LandscapeEditor (612)
[2020.11.27-17.09.05:105][714]LogModuleManager: Shutting down and abandoning module MeshPaintMode (610)
[2020.11.27-17.09.05:105][714]LogModuleManager: Shutting down and abandoning module SceneDepthPickerMode (608)
[2020.11.27-17.09.05:105][714]LogModuleManager: Shutting down and abandoning module ActorPickerMode (606)
[2020.11.27-17.09.05:105][714]LogModuleManager: Shutting down and abandoning module GeometryMode (604)
[2020.11.27-17.09.05:105][714]LogModuleManager: Shutting down and abandoning module TextureAlignMode (602)
[2020.11.27-17.09.05:105][714]LogModuleManager: Shutting down and abandoning module BspMode (600)
[2020.11.27-17.09.05:105][714]LogModuleManager: Shutting down and abandoning module PIEPreviewDeviceProfileSelector (598)
[2020.11.27-17.09.05:105][714]LogModuleManager: Shutting down and abandoning module SequenceRecorderSections (596)
[2020.11.27-17.09.05:105][714]LogModuleManager: Shutting down and abandoning module AutomationWorker (594)
[2020.11.27-17.09.05:105][714]LogModuleManager: Shutting down and abandoning module AudioCaptureEditor (592)
[2020.11.27-17.09.05:105][714]LogModuleManager: Shutting down and abandoning module MatineeToLevelSequence (590)
[2020.11.27-17.09.05:105][714]LogModuleManager: Shutting down and abandoning module LevelSequenceEditor (588)
[2020.11.27-17.09.05:121][714]LogModuleManager: Shutting down and abandoning module PlacementMode (587)
[2020.11.27-17.09.05:121][714]LogModuleManager: Shutting down and abandoning module MaterialEditor (586)
[2020.11.27-17.09.05:155][714]LogModuleManager: Shutting down and abandoning module WmfMediaFactory (582)
[2020.11.27-17.09.05:155][714]LogModuleManager: Shutting down and abandoning module WmfMediaEditor (580)
[2020.11.27-17.09.05:155][714]LogModuleManager: Shutting down and abandoning module WebMMediaFactory (578)
[2020.11.27-17.09.05:155][714]LogModuleManager: Shutting down and abandoning module WebMMediaEditor (576)
[2020.11.27-17.09.05:155][714]LogModuleManager: Shutting down and abandoning module WebMMedia (574)
[2020.11.27-17.09.05:156][714]LogModuleManager: Shutting down and abandoning module MediaPlayerEditor (572)
[2020.11.27-17.09.05:156][714]LogModuleManager: Shutting down and abandoning module MediaCompositingEditor (570)
[2020.11.27-17.09.05:156][714]LogModuleManager: Shutting down and abandoning module SequenceRecorder (569)
[2020.11.27-17.09.05:156][714]LogModuleManager: Shutting down and abandoning module OpenExrWrapper (566)
[2020.11.27-17.09.05:156][714]LogModuleManager: Shutting down and abandoning module ImgMediaFactory (564)
[2020.11.27-17.09.05:156][714]LogModuleManager: Shutting down and abandoning module ImgMediaEditor (562)
[2020.11.27-17.09.05:156][714]LogModuleManager: Shutting down and abandoning module AvfMediaFactory (560)
[2020.11.27-17.09.05:156][714]LogModuleManager: Shutting down and abandoning module AvfMediaEditor (558)
[2020.11.27-17.09.05:156][714]LogModuleManager: Shutting down and abandoning module AndroidMediaFactory (556)
[2020.11.27-17.09.05:156][714]LogModuleManager: Shutting down and abandoning module AndroidMediaEditor (554)
[2020.11.27-17.09.05:156][714]LogModuleManager: Shutting down and abandoning module MagicLeapCameraPreviewFactory (552)
[2020.11.27-17.09.05:156][714]LogModuleManager: Shutting down and abandoning module MagicLeapMediaFactory (550)
[2020.11.27-17.09.05:156][714]LogModuleManager: Shutting down and abandoning module MagicLeapMediaEditor (548)
[2020.11.27-17.09.05:156][714]LogModuleManager: Shutting down and abandoning module CharacterAI (546)
[2020.11.27-17.09.05:156][714]LogModuleManager: Shutting down and abandoning module SmartSnapping (544)
[2020.11.27-17.09.05:156][714]LogModuleManager: Shutting down and abandoning module SessionServices (542)
[2020.11.27-17.09.05:156][714]LogModuleManager: Shutting down and abandoning module ViewportSnapping (540)
[2020.11.27-17.09.05:156][714]LogModuleManager: Shutting down and abandoning module ViewportInteraction (538)
[2020.11.27-17.09.05:170][714]LogModuleManager: Shutting down and abandoning module ClothPainter (536)
[2020.11.27-17.09.05:170][714]LogModuleManager: Shutting down and abandoning module SkeletalMeshEditor (535)
[2020.11.27-17.09.05:170][714]LogModuleManager: Shutting down and abandoning module LogVisualizer (532)
[2020.11.27-17.09.05:171][714]LogModuleManager: Shutting down and abandoning module IntroTutorials (530)
[2020.11.27-17.09.05:171][714]LogModuleManager: Shutting down and abandoning module GameProjectGeneration (529)
[2020.11.27-17.09.05:187][714]LogModuleManager: Shutting down and abandoning module LuminPlatformEditor (526)
[2020.11.27-17.09.05:187][714]LogModuleManager: Shutting down and abandoning module IOSPlatformEditor (524)
[2020.11.27-17.09.05:187][714]LogModuleManager: Shutting down and abandoning module HTML5PlatformEditor (522)
[2020.11.27-17.09.05:187][714]LogModuleManager: Shutting down and abandoning module AndroidPlatformEditor (520)
[2020.11.27-17.09.05:187][714]LogModuleManager: Shutting down and abandoning module AndroidDeviceDetection (519)
[2020.11.27-17.09.05:933][714]LogModuleManager: Shutting down and abandoning module WindowsPlatformEditor (516)
[2020.11.27-17.09.05:933][714]LogModuleManager: Shutting down and abandoning module LuminRuntimeSettings (514)
[2020.11.27-17.09.05:933][714]LogModuleManager: Shutting down and abandoning module IOSRuntimeSettings (512)
[2020.11.27-17.09.05:933][714]LogModuleManager: Shutting down and abandoning module AndroidRuntimeSettings (510)
[2020.11.27-17.09.05:933][714]LogModuleManager: Shutting down and abandoning module TimeManagementEditor (508)
[2020.11.27-17.09.05:933][714]LogModuleManager: Shutting down and abandoning module InputBindingEditor (506)
[2020.11.27-17.09.05:942][714]LogModuleManager: Shutting down and abandoning module MergeActors (504)
[2020.11.27-17.09.05:942][714]LogModuleManager: Shutting down and abandoning module LocalizationDashboard (502)
[2020.11.27-17.09.05:942][714]LogModuleManager: Shutting down and abandoning module LocalizationService (501)
[2020.11.27-17.09.05:942][714]LogModuleManager: Shutting down and abandoning module HardwareTargeting (498)
[2020.11.27-17.09.05:942][714]LogModuleManager: Shutting down and abandoning module DeviceProfileEditor (496)
[2020.11.27-17.09.05:942][714]LogModuleManager: Shutting down and abandoning module UndoHistory (494)
[2020.11.27-17.09.05:942][714]LogModuleManager: Shutting down and abandoning module XmlParser (492)
[2020.11.27-17.09.05:942][714]LogModuleManager: Shutting down and abandoning module Blutility (490)
[2020.11.27-17.09.05:942][714]LogModuleManager: Shutting down and abandoning module ProjectSettingsViewer (488)
[2020.11.27-17.09.05:942][714]LogModuleManager: Shutting down and abandoning module ProjectTargetPlatformEditor (487)
[2020.11.27-17.09.05:942][714]LogModuleManager: Shutting down and abandoning module EditorSettingsViewer (484)
[2020.11.27-17.09.05:942][714]LogModuleManager: Shutting down and abandoning module SettingsEditor (482)
[2020.11.27-17.09.05:942][714]LogModuleManager: Shutting down and abandoning module ProjectLauncher (480)
[2020.11.27-17.09.05:957][714]LogModuleManager: Shutting down and abandoning module SessionFrontend (478)
[2020.11.27-17.09.05:957][714]LogModuleManager: Shutting down and abandoning module ProfilerClient (476)
[2020.11.27-17.09.05:975][714]LogModuleManager: Shutting down and abandoning module DeviceManager (474)
[2020.11.27-17.09.05:975][714]LogModuleManager: Shutting down and abandoning module TargetDeviceServices (473)
[2020.11.27-17.09.06:030][714]LogModuleManager: Shutting down and abandoning module AutomationController (470)
[2020.11.27-17.09.06:030][714]LogModuleManager: Shutting down and abandoning module AutomationWindow (468)
[2020.11.27-17.09.06:048][714]LogModuleManager: Shutting down and abandoning module Layers (466)
[2020.11.27-17.09.06:086][714]LogModuleManager: Shutting down and abandoning module ComponentVisualizers (464)
[2020.11.27-17.09.06:086][714]LogModuleManager: Shutting down and abandoning module DetailCustomizations (462)
[2020.11.27-17.09.06:086][714]LogModuleManager: Shutting down and abandoning module PackagesDialog (460)
[2020.11.27-17.09.06:086][714]LogModuleManager: Shutting down and abandoning module Persona (458)
[2020.11.27-17.09.06:086][714]LogModuleManager: Shutting down and abandoning module AdvancedPreviewScene (457)
[2020.11.27-17.09.06:086][714]LogModuleManager: Shutting down and abandoning module AnimGraph (455)
[2020.11.27-17.09.06:086][714]LogModuleManager: Shutting down and abandoning module Kismet (452)
[2020.11.27-17.09.06:104][714]LogModuleManager: Shutting down and abandoning module GraphEditor (450)
[2020.11.27-17.09.06:132][714]LogModuleManager: Shutting down and abandoning module ClassViewer (448)
[2020.11.27-17.09.06:133][714]LogModuleManager: Shutting down and abandoning module Toolbox (446)
[2020.11.27-17.09.06:133][714]LogModuleManager: Shutting down and abandoning module ModuleUI (444)
[2020.11.27-17.09.06:147][714]LogModuleManager: Shutting down and abandoning module MovieSceneTools (442)
[2020.11.27-17.09.06:147][714]LogModuleManager: Shutting down and abandoning module OutputLog (440)
[2020.11.27-17.09.06:147][714]LogModuleManager: Shutting down and abandoning module GammaUI (438)
[2020.11.27-17.09.06:170][714]LogModuleManager: Shutting down and abandoning module Documentation (436)
[2020.11.27-17.09.06:170][714]LogModuleManager: Shutting down and abandoning module MovieSceneTracks (434)
[2020.11.27-17.09.06:170][714]LogModuleManager: Shutting down and abandoning module MovieScene (432)
[2020.11.27-17.09.06:171][714]LogModuleManager: Shutting down and abandoning module StreamingPauseRendering (430)
[2020.11.27-17.09.06:171][714]LogModuleManager: Shutting down and abandoning module LauncherPlatform (428)
[2020.11.27-17.09.06:171][714]LogModuleManager: Shutting down and abandoning module AnalyticsET (426)
[2020.11.27-17.09.06:171][714]LogModuleManager: Shutting down and abandoning module PortalServices (424)
[2020.11.27-17.09.06:171][714]LogModuleManager: Shutting down and abandoning module PortalRpc (422)
[2020.11.27-17.09.06:171][714]LogModuleManager: Shutting down and abandoning module MessagingRpc (420)
[2020.11.27-17.09.06:171][714]LogModuleManager: Shutting down and abandoning module AIModule (418)
[2020.11.27-17.09.06:171][714]LogModuleManager: Shutting down and abandoning module GameplayDebugger (417)
[2020.11.27-17.09.06:171][714]LogModuleManager: Shutting down and abandoning module AITestSuite (415)
[2020.11.27-17.09.06:171][714]LogModuleManager: Shutting down and abandoning module NavigationSystem (413)
[2020.11.27-17.09.06:171][714]LogModuleManager: Shutting down and abandoning module DesktopPlatform (410)
[2020.11.27-17.09.06:171][714]LogModuleManager: Shutting down and abandoning module ImageWriteQueue (408)
[2020.11.27-17.09.06:173][714]LogModuleManager: Shutting down and abandoning module ProfilerService (406)
[2020.11.27-17.09.06:262][714]LogModuleManager: Shutting down and abandoning module TaskGraph (404)
[2020.11.27-17.09.06:262][714]LogModuleManager: Shutting down and abandoning module PythonEditor (402)
[2020.11.27-17.09.06:262][714]LogModuleManager: Shutting down and abandoning module UnrealEnginePython (400)
[2020.11.27-17.09.06:262][714]LogPython: Goodbye Python
[2020.11.27-17.09.06:334][714]LogModuleManager: Shutting down and abandoning module SteamVRController (398)
[2020.11.27-17.09.06:334][714]LogModuleManager: Shutting down and abandoning module ProceduralMeshComponentEditor (396)
[2020.11.27-17.09.06:334][714]LogModuleManager: Shutting down and abandoning module ProceduralMeshComponent (394)
[2020.11.27-17.09.06:334][714]LogModuleManager: Shutting down and abandoning module OculusInput (392)
[2020.11.27-17.09.06:334][714]LogModuleManager: Shutting down and abandoning module MobilePatchingUtils (390)
[2020.11.27-17.09.06:334][714]LogModuleManager: Shutting down and abandoning module EditableMesh (388)
[2020.11.27-17.09.06:347][714]LogModuleManager: Shutting down and abandoning module CustomMeshComponent (386)
[2020.11.27-17.09.06:347][714]LogModuleManager: Shutting down and abandoning module CableComponent (384)
[2020.11.27-17.09.06:347][714]LogModuleManager: Shutting down and abandoning module AudioCapture (382)
[2020.11.27-17.09.06:347][714]LogModuleManager: Shutting down and abandoning module ArchVisCharacter (380)
[2020.11.27-17.09.06:347][714]LogModuleManager: Shutting down and abandoning module AndroidPermission (378)
[2020.11.27-17.09.06:347][714]LogModuleManager: Shutting down and abandoning module NUTUnrealEngine4 (376)
[2020.11.27-17.09.06:347][714]LogModuleManager: Shutting down and abandoning module NetcodeUnitTest (374)
[2020.11.27-17.09.06:347][714]LogModuleManager: Shutting down and abandoning module MediaCompositing (372)
[2020.11.27-17.09.06:347][714]LogModuleManager: Shutting down and abandoning module LinearTimecode (370)
[2020.11.27-17.09.06:347][714]LogModuleManager: Shutting down and abandoning module ImgMedia (368)
[2020.11.27-17.09.06:358][714]LogModuleManager: Shutting down and abandoning module HTML5Networking (366)
[2020.11.27-17.09.06:358][714]LogModuleManager: Shutting down and abandoning module GeometryCacheTracks (364)
[2020.11.27-17.09.06:358][714]LogModuleManager: Shutting down and abandoning module GeometryCacheSequencer (362)
[2020.11.27-17.09.06:358][714]LogModuleManager: Shutting down and abandoning module BackChannel (360)
[2020.11.27-17.09.06:374][714]LogModuleManager: Shutting down and abandoning module AppleVision (358)
[2020.11.27-17.09.06:374][714]LogModuleManager: Shutting down and abandoning module AppleImageUtilsBlueprintSupport (356)
[2020.11.27-17.09.06:375][714]LogModuleManager: Shutting down and abandoning module AppleImageUtils (354)
[2020.11.27-17.09.06:375][714]LogModuleManager: Shutting down and abandoning module AlembicImporter (352)
[2020.11.27-17.09.06:375][714]LogModuleManager: Shutting down and abandoning module AlembicLibrary (351)
[2020.11.27-17.09.06:375][714]LogModuleManager: Shutting down and abandoning module GeometryCache (350)
[2020.11.27-17.09.06:375][714]LogModuleManager: Shutting down and abandoning module GeometryCacheEd (349)
[2020.11.27-17.09.06:375][714]LogModuleManager: Shutting down and abandoning module VariantManagerContent (344)
[2020.11.27-17.09.06:375][714]LogModuleManager: Shutting down and abandoning module DatasmithContentEditor (342)
[2020.11.27-17.09.06:375][714]LogModuleManager: Shutting down and abandoning module SpeedTreeImporter (340)
[2020.11.27-17.09.06:375][714]LogModuleManager: Shutting down and abandoning module PluginBrowser (338)
[2020.11.27-17.09.06:375][714]LogModuleManager: Shutting down and abandoning module MobileLauncherProfileWizard (336)
[2020.11.27-17.09.06:375][714]LogModuleManager: Shutting down and abandoning module PolygonModeling (334)
[2020.11.27-17.09.06:375][714]LogModuleManager: Shutting down and abandoning module MeshEditor (332)
[2020.11.27-17.09.06:375][714]LogModuleManager: Shutting down and abandoning module CryptoKeysOpenSSL (330)
[2020.11.27-17.09.06:375][714]LogModuleManager: Shutting down and abandoning module CryptoKeys (328)
[2020.11.27-17.09.06:375][714]LogModuleManager: Shutting down and abandoning module VisualStudioSourceCodeAccess (326)
[2020.11.27-17.09.06:375][714]LogModuleManager: Shutting down and abandoning module VisualStudioCodeSourceCodeAccess (324)
[2020.11.27-17.09.06:375][714]LogModuleManager: Shutting down and abandoning module UObjectPlugin (322)
[2020.11.27-17.09.06:375][714]LogModuleManager: Shutting down and abandoning module SubversionSourceControl (320)
[2020.11.27-17.09.06:375][714]LogModuleManager: Shutting down and abandoning module PerforceSourceControl (318)
[2020.11.27-17.09.06:381][714]LogModuleManager: Shutting down and abandoning module GitSourceControl (316)
[2020.11.27-17.09.06:381][714]LogModuleManager: Shutting down and abandoning module SourceControl (315)
[2020.11.27-17.09.06:381][714]LogModuleManager: Shutting down and abandoning module CLionSourceCodeAccess (312)
[2020.11.27-17.09.06:381][714]LogModuleManager: Shutting down and abandoning module ActorLayerUtilitiesEditor (310)
[2020.11.27-17.09.06:381][714]LogModuleManager: Shutting down and abandoning module ActorLayerUtilities (308)
[2020.11.27-17.09.06:381][714]LogModuleManager: Shutting down and abandoning module LightPropagationVolumeEditor (306)
[2020.11.27-17.09.06:381][714]LogModuleManager: Shutting down and abandoning module PaperTiledImporter (304)
[2020.11.27-17.09.06:381][714]LogModuleManager: Shutting down and abandoning module PaperSpriteSheetImporter (302)
[2020.11.27-17.09.06:381][714]LogModuleManager: Shutting down and abandoning module Paper2DEditor (300)
[2020.11.27-17.09.06:404][714]LogModuleManager: Shutting down and abandoning module MeshPaint (299)
[2020.11.27-17.09.06:404][714]LogModuleManager: Shutting down and abandoning module PythonConsole (296)
[2020.11.27-17.09.06:404][714]LogModuleManager: Shutting down and abandoning module RuntimePhysXCooking (294)
[2020.11.27-17.09.06:404][714]LogModuleManager: Shutting down and abandoning module PhysXVehiclesEditor (292)
[2020.11.27-17.09.06:404][714]LogModuleManager: Shutting down and abandoning module PhysXVehicles (290)
[2020.11.27-17.09.06:404][714]LogModuleManager: Shutting down and abandoning module OculusEditor (288)
[2020.11.27-17.09.06:404][714]LogModuleManager: Shutting down and abandoning module LocationServicesBPLibrary (286)
[2020.11.27-17.09.06:404][714]LogModuleManager: Shutting down and abandoning module ActorSequence (284)
[2020.11.27-17.09.06:404][714]LogModuleManager: Shutting down and abandoning module UdpMessaging (282)
[2020.11.27-17.09.06:506][714]LogModuleManager: Shutting down and abandoning module TcpMessaging (280)
[2020.11.27-17.09.06:607][714]LogModuleManager: Shutting down and abandoning module MagicLeapAudio (278)
[2020.11.27-17.09.06:607][714]LogModuleManager: Shutting down and abandoning module GameplayTagsEditor (276)
[2020.11.27-17.09.06:607][714]LogModuleManager: Shutting down and abandoning module FacialAnimationEditor (274)
[2020.11.27-17.09.06:607][714]LogModuleManager: Shutting down and abandoning module FacialAnimation (272)
[2020.11.27-17.09.06:607][714]LogModuleManager: Shutting down and abandoning module DataValidation (270)
[2020.11.27-17.09.06:607][714]LogModuleManager: Shutting down and abandoning module AssetManagerEditor (268)
[2020.11.27-17.09.06:618][714]LogModuleManager: Shutting down and abandoning module LevelEditor (267)
[2020.11.27-17.09.06:619][714]LogModuleManager: Shutting down and abandoning module PixelInspectorModule (266)
[2020.11.27-17.09.06:619][714]LogModuleManager: Shutting down and abandoning module CommonMenuExtensions (264)
[2020.11.27-17.09.06:619][714]LogModuleManager: Shutting down and abandoning module MainFrame (262)
[2020.11.27-17.09.06:619][714]LogModuleManager: Shutting down and abandoning module HotReload (261)
[2020.11.27-17.09.06:619][714]LogModuleManager: Shutting down and abandoning module ContentBrowser (257)
[2020.11.27-17.09.06:620][714]LogModuleManager: Shutting down and abandoning module TreeMap (255)
[2020.11.27-17.09.06:620][714]LogModuleManager: Shutting down and abandoning module LightPropagationVolumeRuntime (252)
[2020.11.27-17.09.06:620][714]LogModuleManager: Shutting down and abandoning module AISupportModule (250)
[2020.11.27-17.09.06:620][714]LogModuleManager: Shutting down and abandoning module Paper2D (248)
[2020.11.27-17.09.06:620][714]LogModuleManager: Shutting down and abandoning module WindowsMoviePlayer (246)
[2020.11.27-17.09.06:620][714]LogModuleManager: Shutting down and abandoning module WebMMoviePlayer (244)
[2020.11.27-17.09.06:620][714]LogModuleManager: Shutting down and abandoning module WmfMedia (242)
[2020.11.27-17.09.06:636][714]LogModuleManager: Shutting down and abandoning module Media (241)
[2020.11.27-17.09.06:642][714]LogModuleManager: Shutting down and abandoning module PacketHandler (238)
[2020.11.27-17.09.06:642][714]LogModuleManager: Shutting down and abandoning module ClothingSystemEditor (236)
[2020.11.27-17.09.06:642][714]LogModuleManager: Shutting down and abandoning module ClothingSystemRuntime (234)
[2020.11.27-17.09.06:657][714]LogModuleManager: Shutting down and abandoning module MediaAssets (232)
[2020.11.27-17.09.06:657][714]LogModuleManager: Shutting down and abandoning module Overlay (230)
[2020.11.27-17.09.06:657][714]LogModuleManager: Shutting down and abandoning module OverlayEditor (229)
[2020.11.27-17.09.06:657][714]LogModuleManager: Shutting down and abandoning module VREditor (226)
[2020.11.27-17.09.06:657][714]LogModuleManager: Shutting down and abandoning module StringTableEditor (224)
[2020.11.27-17.09.06:670][714]LogModuleManager: Shutting down and abandoning module GameplayTasksEditor (222)
[2020.11.27-17.09.06:670][714]LogModuleManager: Shutting down and abandoning module BehaviorTreeEditor (220)
[2020.11.27-17.09.06:678][714]LogModuleManager: Shutting down and abandoning module FunctionalTesting (218)
[2020.11.27-17.09.06:679][714]LogModuleManager: Shutting down and abandoning module CollisionAnalyzer (216)
[2020.11.27-17.09.06:679][714]LogModuleManager: Shutting down and abandoning module WorkspaceMenuStructure (215)
[2020.11.27-17.09.06:679][714]LogModuleManager: Shutting down and abandoning module UMG (212)
[2020.11.27-17.09.06:688][714]LogModuleManager: Shutting down and abandoning module UMGEditor (211)
[2020.11.27-17.09.06:689][714]LogModuleManager: Shutting down and abandoning module Sequencer (210)
[2020.11.27-17.09.06:704][714]LogModuleManager: Shutting down and abandoning module MessageLog (207)
[2020.11.27-17.09.06:704][714]LogModuleManager: Shutting down and abandoning module SlateReflector (202)
[2020.11.27-17.09.06:719][714]LogModuleManager: Shutting down and abandoning module Slate (200)
[2020.11.27-17.09.06:719][714]LogModuleManager: Shutting down and abandoning module EditorStyle (198)
[2020.11.27-17.09.06:720][714]LogModuleManager: Shutting down and abandoning module MRMesh (196)
[2020.11.27-17.09.06:720][714]LogModuleManager: Shutting down and abandoning module SourceCodeAccess (194)
[2020.11.27-17.09.06:720][714]LogModuleManager: Shutting down and abandoning module HeadMountedDisplay (192)
[2020.11.27-17.09.06:720][714]LogModuleManager: Shutting down and abandoning module XAudio2 (190)
[2020.11.27-17.09.06:720][714]LogModuleManager: Shutting down and abandoning module Networking (188)
[2020.11.27-17.09.06:720][714]LogModuleManager: Shutting down and abandoning module Core (186)
[2020.11.27-17.09.06:721][714]LogModuleManager: Shutting down and abandoning module LevelSequence (184)
[2020.11.27-17.09.06:721][714]LogModuleManager: Shutting down and abandoning module KismetCompiler (182)
[2020.11.27-17.09.06:721][714]LogModuleManager: Shutting down and abandoning module MeshUtilities (180)
[2020.11.27-17.09.06:721][714]LogModuleManager: Shutting down and abandoning module MeshMergeUtilities (179)
[2020.11.27-17.09.06:721][714]LogModuleManager: Shutting down and abandoning module MeshReductionInterface (178)
[2020.11.27-17.09.06:721][714]LogModuleManager: Shutting down and abandoning module SimplygonSwarm (177)
[2020.11.27-17.09.06:733][714]LogModuleManager: Shutting down and abandoning module ProxyLODMeshReduction (175)
[2020.11.27-17.09.06:745][714]LogModuleManager: Shutting down and abandoning module SimplygonMeshReduction (173)
[2020.11.27-17.09.06:745][714]LogModuleManager: Shutting down and abandoning module QuadricMeshReduction (171)
[2020.11.27-17.09.06:745][714]LogModuleManager: Shutting down and abandoning module MaterialBaking (167)
[2020.11.27-17.09.06:745][714]LogModuleManager: Shutting down and abandoning module DirectoryWatcher (163)
[2020.11.27-17.09.06:745][714]LogModuleManager: Shutting down and abandoning module DerivedDataCache (160)
[2020.11.27-17.09.06:788][714]LogDerivedDataCache: Shutdown
[2020.11.27-17.09.06:788][714]LogModuleManager: Shutting down and abandoning module XGEController (158)
[2020.11.27-17.09.06:788][714]LogXGEController: Cleaning working directory: C:/Users/Harry/AppData/Local/Temp/UnrealXGEWorkingDir/
[2020.11.27-17.09.06:788][714]LogModuleManager: Shutting down and abandoning module TargetPlatform (156)
[2020.11.27-17.09.06:788][714]LogModuleManager: Shutting down and abandoning module VulkanShaderFormat (155)
[2020.11.27-17.09.06:788][714]LogModuleManager: Shutting down and abandoning module ShaderFormatVectorVM (153)
[2020.11.27-17.09.06:788][714]LogModuleManager: Shutting down and abandoning module ShaderFormatOpenGL (151)
[2020.11.27-17.09.06:798][714]LogModuleManager: Shutting down and abandoning module ShaderFormatD3D (149)
[2020.11.27-17.09.06:798][714]LogModuleManager: Shutting down and abandoning module MetalShaderFormat (147)
[2020.11.27-17.09.06:806][714]LogModuleManager: Shutting down and abandoning module TextureFormatUncompressed (145)
[2020.11.27-17.09.06:806][714]LogModuleManager: Shutting down and abandoning module TextureFormatPVR (143)
[2020.11.27-17.09.06:806][714]LogModuleManager: Shutting down and abandoning module TextureFormatDXT (141)
[2020.11.27-17.09.06:806][714]LogModuleManager: Shutting down and abandoning module TextureFormatIntelISPCTexComp (139)
[2020.11.27-17.09.06:807][714]LogModuleManager: Shutting down and abandoning module TextureFormatASTC (137)
[2020.11.27-17.09.06:807][714]LogModuleManager: Shutting down and abandoning module ImageWrapper (136)
[2020.11.27-17.09.06:807][714]LogModuleManager: Shutting down and abandoning module TextureFormatAndroid (133)
[2020.11.27-17.09.06:807][714]LogModuleManager: Shutting down and abandoning module AudioFormatOpus (131)
[2020.11.27-17.09.06:807][714]LogModuleManager: Shutting down and abandoning module AudioFormatOgg (129)
[2020.11.27-17.09.06:807][714]LogModuleManager: Shutting down and abandoning module AudioFormatADPCM (127)
[2020.11.27-17.09.06:807][714]LogModuleManager: Shutting down and abandoning module LuminTargetPlatform (125)
[2020.11.27-17.09.06:808][714]LogModuleManager: Shutting down and abandoning module LinuxTargetPlatform (123)
[2020.11.27-17.09.06:808][714]LogModuleManager: Shutting down and abandoning module LinuxServerTargetPlatform (121)
[2020.11.27-17.09.06:808][714]LogModuleManager: Shutting down and abandoning module LinuxNoEditorTargetPlatform (119)
[2020.11.27-17.09.06:808][714]LogModuleManager: Shutting down and abandoning module LinuxClientTargetPlatform (117)
[2020.11.27-17.09.06:808][714]LogModuleManager: Shutting down and abandoning module TVOSTargetPlatform (115)
[2020.11.27-17.09.06:809][714]LogModuleManager: Shutting down and abandoning module Messaging (113)
[2020.11.27-17.09.06:809][714]LogModuleManager: Shutting down and abandoning module IOSTargetPlatform (111)
[2020.11.27-17.09.06:810][714]LogModuleManager: Shutting down and abandoning module HTML5TargetPlatform (109)
[2020.11.27-17.09.06:810][714]LogModuleManager: Shutting down and abandoning module AndroidTargetPlatform (107)
[2020.11.27-17.09.06:820][714]LogModuleManager: Shutting down and abandoning module WindowsTargetPlatform (105)
[2020.11.27-17.09.06:820][714]LogModuleManager: Shutting down and abandoning module WindowsServerTargetPlatform (103)
[2020.11.27-17.09.06:820][714]LogModuleManager: Shutting down and abandoning module WindowsNoEditorTargetPlatform (101)
[2020.11.27-17.09.06:820][714]LogModuleManager: Shutting down and abandoning module WindowsClientTargetPlatform (99)
[2020.11.27-17.09.06:820][714]LogModuleManager: Shutting down and abandoning module MacTargetPlatform (97)
[2020.11.27-17.09.06:820][714]LogModuleManager: Shutting down and abandoning module MacServerTargetPlatform (95)
[2020.11.27-17.09.06:820][714]LogModuleManager: Shutting down and abandoning module MacNoEditorTargetPlatform (93)
[2020.11.27-17.09.06:820][714]LogModuleManager: Shutting down and abandoning module MacClientTargetPlatform (91)
[2020.11.27-17.09.06:820][714]LogModuleManager: Shutting down and abandoning module AllDesktopTargetPlatform (89)
[2020.11.27-17.09.06:820][714]LogModuleManager: Shutting down and abandoning module InputCore (86)
[2020.11.27-17.09.06:820][714]LogModuleManager: Shutting down and abandoning module Settings (84)
[2020.11.27-17.09.06:820][714]LogModuleManager: Shutting down and abandoning module PhysXCooking (82)
[2020.11.27-17.09.06:820][714]LogModuleManager: Shutting down and abandoning module SteamVR (80)
[2020.11.27-17.09.06:821][714]LogHMD: Freeing OpenVRDLLHandle.
[2020.11.27-17.09.06:821][714]LogModuleManager: Shutting down and abandoning module OculusHMD (78)
[2020.11.27-17.09.06:821][714]LogModuleManager: Shutting down and abandoning module ExampleDeviceProfileSelector (76)
[2020.11.27-17.09.06:821][714]LogModuleManager: Shutting down and abandoning module LauncherChunkInstaller (74)
[2020.11.27-17.09.06:821][714]LogModuleManager: Shutting down and abandoning module OnlineBlueprintSupport (72)
[2020.11.27-17.09.06:821][714]LogModuleManager: Shutting down and abandoning module OnlineSubsystem (68)
[2020.11.27-17.09.06:838][714]LogModuleManager: Shutting down and abandoning module XMPP (63)
[2020.11.27-17.09.06:853][714]LogModuleManager: Shutting down and abandoning module WebSockets (62)
[2020.11.27-17.09.06:881][714]LogModuleManager: Shutting down and abandoning module HTTP (59)
[2020.11.27-17.09.06:881][714]LogHttp: Display: Http module shutting down, but needs to wait on 1 outstanding Http requests:
[2020.11.27-17.09.06:881][714]LogHttp: Display: 	verb=[POST] url=[https://datarouter.ol.epicgames.com/datarouter/api/v1/public/data?SessionID=%7BBE750BAC-443E-1ACD-ADA9-9F81015272A3%7D&AppID=UEEditor.Rocket.Release&AppVersion=4.21.2-4753647%2B%2B%2BUE4%2BRelease-4.21&UserID=f2aa5d0d407c995d030b67be6243c358%7Cbc23147c365b4697a7aac73915dfd964%7C08dada25-a12b-4858-bfe8-dd7ddc18518e&AppEnvironment=datacollector-binary&UploadType=eteventstream] status=Processing
[2020.11.27-17.09.06:911][714]LogModuleManager: Shutting down and abandoning module SSL (58)
[2020.11.27-17.09.06:912][714]LogModuleManager: Shutting down and abandoning module MagicLeapIdentity (54)
[2020.11.27-17.09.06:912][714]LogModuleManager: Shutting down and abandoning module MagicLeapHelperVulkan (52)
[2020.11.27-17.09.06:912][714]LogModuleManager: Shutting down and abandoning module MagicLeapHelperOpenGL (50)
[2020.11.27-17.09.06:912][714]LogModuleManager: Shutting down and abandoning module MagicLeapSecureStorage (48)
[2020.11.27-17.09.06:912][714]LogModuleManager: Shutting down and abandoning module MagicLeapHandTracking (46)
[2020.11.27-17.09.06:912][714]LogModuleManager: Shutting down and abandoning module MagicLeapEyeTracker (44)
[2020.11.27-17.09.06:912][714]LogModuleManager: Shutting down and abandoning module MagicLeapController (42)
[2020.11.27-17.09.06:912][714]LogSlate: Slate User Destroyed.  User Index 0, Is Virtual User: 0
[2020.11.27-17.09.06:913][714]LogModuleManager: Shutting down and abandoning module MagicLeap (40)
[2020.11.27-17.09.06:913][714]LogModuleManager: Shutting down and abandoning module DatasmithContent (38)
[2020.11.27-17.09.06:913][714]LogModuleManager: Shutting down and abandoning module AnimationModifiers (36)
[2020.11.27-17.09.06:925][714]LogModuleManager: Shutting down and abandoning module PropertyEditor (35)
[2020.11.27-17.09.06:947][714]LogModuleManager: Shutting down and abandoning module AudioEditor (32)
[2020.11.27-17.09.06:968][714]LogModuleManager: Shutting down and abandoning module TextureCompressor (30)
[2020.11.27-17.09.06:968][714]LogModuleManager: Shutting down and abandoning module ShaderCore (28)
[2020.11.27-17.09.06:968][714]LogModuleManager: Shutting down and abandoning module Landscape (26)
[2020.11.27-17.09.06:968][714]LogModuleManager: Shutting down and abandoning module SlateRHIRenderer (24)
[2020.11.27-17.09.06:982][714]LogModuleManager: Shutting down and abandoning module OpenGLDrv (22)
[2020.11.27-17.09.06:999][714]LogModuleManager: Shutting down and abandoning module D3D11RHI (20)
[2020.11.27-17.09.06:999][714]LogModuleManager: Shutting down and abandoning module AnimGraphRuntime (18)
[2020.11.27-17.09.06:999][714]LogModuleManager: Shutting down and abandoning module Renderer (16)
[2020.11.27-17.09.06:999][714]LogModuleManager: Shutting down and abandoning module Engine (14)
[2020.11.27-17.09.06:999][714]LogModuleManager: Shutting down and abandoning module CoreUObject (12)
[2020.11.27-17.09.06:999][714]LogModuleManager: Shutting down and abandoning module NetworkFile (10)
[2020.11.27-17.09.06:999][714]LogModuleManager: Shutting down and abandoning module CookedIterativeFile (8)
[2020.11.27-17.09.06:999][714]LogModuleManager: Shutting down and abandoning module StreamingFile (6)
[2020.11.27-17.09.06:999][714]LogModuleManager: Shutting down and abandoning module SandboxFile (4)
[2020.11.27-17.09.06:999][714]LogModuleManager: Shutting down and abandoning module PakFile (2)
[2020.11.27-17.09.07:003][714]LogExit: Exiting.
[2020.11.27-17.09.07:021][714]Log file closed, 11/27/20 17:09:07
